2020-07-23 10:49:35,429  INFO 7304 main com.firesoon.syn.OracleSqlGenerate:28 - 开始连接至数据库
2020-07-23 10:49:40,561  INFO 7304 main com.firesoon.syn.OracleSqlGenerate:32 - 成功连接至数据库
2020-07-23 10:49:41,519  INFO 7304 main com.firesoon.syn.factory.analyse.AnalyserFactory:29 - 开始构造数据库结构分析，数据库类型：Microsoft SQL Server，版本：8.00.2039
2020-07-23 10:49:41,533  INFO 7304 main com.firesoon.syn.factory.analyse.AnalyserFactory:43 - 数据库结构分析构造完毕
2020-07-23 10:49:42,003  INFO 7304 main com.firesoon.syn.factory.analyse.impl.SqlServerSqlAnalyser:77 - 开始读取数据库表结构定义，数据库名：HS，模式：
2020-07-23 10:49:42,007  INFO 7304 main com.firesoon.syn.factory.analyse.impl.SqlServerSqlAnalyser:79 - 开始读取表信息
2020-07-23 10:49:43,230  INFO 7304 main com.firesoon.syn.factory.analyse.impl.SqlServerSqlAnalyser:81 - 获取到5条表信息
2020-07-23 10:49:43,232  INFO 7304 main com.firesoon.syn.factory.analyse.impl.SqlServerSqlAnalyser:84 - 开始处理表信息
2020-07-23 10:49:43,235  INFO 7304 main com.firesoon.syn.factory.analyse.impl.SqlServerSqlAnalyser:90 - 表信息处理完成
2020-07-23 10:49:43,238  INFO 7304 main com.firesoon.syn.factory.analyse.impl.SqlServerSqlAnalyser:93 - 开始读取列信息
2020-07-23 10:49:43,637  INFO 7304 main com.firesoon.syn.factory.analyse.impl.SqlServerSqlAnalyser:96 - 获取到28条列信息
2020-07-23 10:49:43,640  INFO 7304 main com.firesoon.syn.factory.analyse.impl.SqlServerSqlAnalyser:98 - 开始归并列至所属表
2020-07-23 10:49:43,645  INFO 7304 main com.firesoon.syn.factory.analyse.impl.SqlServerSqlAnalyser:117 - 归并列至所属表完成
2020-07-23 10:49:43,648  INFO 7304 main com.firesoon.syn.factory.analyse.impl.SqlServerSqlAnalyser:119 - 开始获取主键信息
2020-07-23 10:49:43,689  INFO 7304 main com.firesoon.syn.factory.analyse.impl.SqlServerSqlAnalyser:121 - 主键信息获取完成
2020-07-23 10:49:43,692  INFO 7304 main com.firesoon.syn.factory.analyse.impl.SqlServerSqlAnalyser:123 - 开始归并主键信息
2020-07-23 10:49:43,695  INFO 7304 main com.firesoon.syn.factory.analyse.impl.SqlServerSqlAnalyser:125 - 主键信息归并完成
2020-07-23 10:49:43,698  INFO 7304 main com.firesoon.syn.factory.analyse.impl.SqlServerSqlAnalyser:127 - 数据库表结构定义读取完毕，共读取到5条表信息
2020-07-23 10:49:44,377  INFO 7304 main com.firesoon.syn.OracleSqlGenerate:35 - 源数据库指定表结构结构定义获取完毕
2020-07-23 10:49:44,985  INFO 7304 main com.firesoon.syn.OracleSqlGenerate:36 - 开始转换为目标数据库类型
2020-07-23 10:49:49,697  INFO 7304 main com.firesoon.syn.OracleSqlGenerate:39 - 开始转换为目标数据库类型
2020-07-23 10:58:37,211  INFO 7304 main com.firesoon.syn.OracleSqlGenerate:42 - 目标数据库指定表类型转换完成
2020-07-23 10:58:45,216  INFO 13244 main com.firesoon.syn.OracleSqlGenerate:28 - 开始连接至数据库
2020-07-23 10:58:50,906  INFO 13244 main com.firesoon.syn.OracleSqlGenerate:32 - 成功连接至数据库
2020-07-23 10:58:51,549  INFO 13244 main com.firesoon.syn.factory.analyse.AnalyserFactory:29 - 开始构造数据库结构分析，数据库类型：Microsoft SQL Server，版本：8.00.2039
2020-07-23 10:58:51,562  INFO 13244 main com.firesoon.syn.factory.analyse.AnalyserFactory:43 - 数据库结构分析构造完毕
2020-07-23 10:58:51,663  INFO 13244 main com.firesoon.syn.factory.analyse.impl.SqlServerSqlAnalyser:77 - 开始读取数据库表结构定义，数据库名：HS，模式：
2020-07-23 10:58:51,667  INFO 13244 main com.firesoon.syn.factory.analyse.impl.SqlServerSqlAnalyser:79 - 开始读取表信息
2020-07-23 10:58:52,992  INFO 13244 main com.firesoon.syn.factory.analyse.impl.SqlServerSqlAnalyser:81 - 获取到5条表信息
2020-07-23 10:58:52,994  INFO 13244 main com.firesoon.syn.factory.analyse.impl.SqlServerSqlAnalyser:84 - 开始处理表信息
2020-07-23 10:58:52,997  INFO 13244 main com.firesoon.syn.factory.analyse.impl.SqlServerSqlAnalyser:90 - 表信息处理完成
2020-07-23 10:58:53,000  INFO 13244 main com.firesoon.syn.factory.analyse.impl.SqlServerSqlAnalyser:93 - 开始读取列信息
2020-07-23 10:58:53,413  INFO 13244 main com.firesoon.syn.factory.analyse.impl.SqlServerSqlAnalyser:96 - 获取到28条列信息
2020-07-23 10:58:53,416  INFO 13244 main com.firesoon.syn.factory.analyse.impl.SqlServerSqlAnalyser:98 - 开始归并列至所属表
2020-07-23 10:58:53,421  INFO 13244 main com.firesoon.syn.factory.analyse.impl.SqlServerSqlAnalyser:117 - 归并列至所属表完成
2020-07-23 10:58:53,423  INFO 13244 main com.firesoon.syn.factory.analyse.impl.SqlServerSqlAnalyser:119 - 开始获取主键信息
2020-07-23 10:58:53,450  INFO 13244 main com.firesoon.syn.factory.analyse.impl.SqlServerSqlAnalyser:121 - 主键信息获取完成
2020-07-23 10:58:53,453  INFO 13244 main com.firesoon.syn.factory.analyse.impl.SqlServerSqlAnalyser:123 - 开始归并主键信息
2020-07-23 10:58:53,456  INFO 13244 main com.firesoon.syn.factory.analyse.impl.SqlServerSqlAnalyser:125 - 主键信息归并完成
2020-07-23 10:58:53,459  INFO 13244 main com.firesoon.syn.factory.analyse.impl.SqlServerSqlAnalyser:127 - 数据库表结构定义读取完毕，共读取到5条表信息
2020-07-23 10:58:53,906  INFO 13244 main com.firesoon.syn.OracleSqlGenerate:35 - 源数据库指定表结构结构定义获取完毕
2020-07-23 10:58:54,434  INFO 13244 main com.firesoon.syn.OracleSqlGenerate:36 - 开始转换为目标数据库类型
2020-07-23 10:58:57,561  INFO 13244 main com.firesoon.syn.OracleSqlGenerate:39 - 开始转换为目标数据库类型
2020-07-23 11:33:24,073  INFO 13244 main com.firesoon.syn.OracleSqlGenerate:42 - 目标数据库指定表类型转换完成
2020-07-23 11:47:09,171  INFO 11752 main com.firesoon.syn.OracleSqlGenerate:28 - 开始连接至数据库
2020-07-23 11:47:14,595  INFO 11752 main com.firesoon.syn.OracleSqlGenerate:32 - 成功连接至数据库
2020-07-23 11:47:15,268  INFO 11752 main com.firesoon.syn.factory.analyse.AnalyserFactory:29 - 开始构造数据库结构分析，数据库类型：Microsoft SQL Server，版本：8.00.2039
2020-07-23 11:47:15,284  INFO 11752 main com.firesoon.syn.factory.analyse.AnalyserFactory:43 - 数据库结构分析构造完毕
2020-07-23 11:47:15,733  INFO 11752 main com.firesoon.syn.factory.analyse.impl.SqlServerSqlAnalyser:77 - 开始读取数据库表结构定义，数据库名：HS，模式：
2020-07-23 11:47:15,737  INFO 11752 main com.firesoon.syn.factory.analyse.impl.SqlServerSqlAnalyser:79 - 开始读取表信息
2020-07-23 11:47:17,022  INFO 11752 main com.firesoon.syn.factory.analyse.impl.SqlServerSqlAnalyser:81 - 获取到5条表信息
2020-07-23 11:47:17,025  INFO 11752 main com.firesoon.syn.factory.analyse.impl.SqlServerSqlAnalyser:84 - 开始处理表信息
2020-07-23 11:47:17,028  INFO 11752 main com.firesoon.syn.factory.analyse.impl.SqlServerSqlAnalyser:90 - 表信息处理完成
2020-07-23 11:47:17,030  INFO 11752 main com.firesoon.syn.factory.analyse.impl.SqlServerSqlAnalyser:93 - 开始读取列信息
2020-07-23 11:47:17,450  INFO 11752 main com.firesoon.syn.factory.analyse.impl.SqlServerSqlAnalyser:96 - 获取到28条列信息
2020-07-23 11:47:17,453  INFO 11752 main com.firesoon.syn.factory.analyse.impl.SqlServerSqlAnalyser:98 - 开始归并列至所属表
2020-07-23 11:47:17,458  INFO 11752 main com.firesoon.syn.factory.analyse.impl.SqlServerSqlAnalyser:117 - 归并列至所属表完成
2020-07-23 11:47:17,461  INFO 11752 main com.firesoon.syn.factory.analyse.impl.SqlServerSqlAnalyser:119 - 开始获取主键信息
2020-07-23 11:47:17,489  INFO 11752 main com.firesoon.syn.factory.analyse.impl.SqlServerSqlAnalyser:121 - 主键信息获取完成
2020-07-23 11:47:17,491  INFO 11752 main com.firesoon.syn.factory.analyse.impl.SqlServerSqlAnalyser:123 - 开始归并主键信息
2020-07-23 11:47:17,495  INFO 11752 main com.firesoon.syn.factory.analyse.impl.SqlServerSqlAnalyser:125 - 主键信息归并完成
2020-07-23 11:47:17,498  INFO 11752 main com.firesoon.syn.factory.analyse.impl.SqlServerSqlAnalyser:127 - 数据库表结构定义读取完毕，共读取到5条表信息
2020-07-23 11:47:17,825  INFO 11752 main com.firesoon.syn.OracleSqlGenerate:35 - 源数据库指定表结构结构定义获取完毕
2020-07-23 11:47:18,242  INFO 11752 main com.firesoon.syn.OracleSqlGenerate:36 - 开始转换为目标数据库类型
2020-07-23 11:47:19,507  INFO 11752 main com.firesoon.syn.OracleSqlGenerate:39 - 开始转换为目标数据库类型
2020-07-23 13:35:35,190  INFO 11752 main com.firesoon.syn.OracleSqlGenerate:42 - 目标数据库指定表类型转换完成
2020-07-23 14:52:36,207  INFO 14884 main com.firesoon.syn.OracleSqlGenerate:28 - 开始连接至数据库
2020-07-23 14:52:40,503  INFO 14884 main com.firesoon.syn.OracleSqlGenerate:32 - 成功连接至数据库
2020-07-23 14:52:40,517  INFO 14884 main com.firesoon.syn.factory.analyse.AnalyserFactory:29 - 开始构造数据库结构分析，数据库类型：Microsoft SQL Server，版本：8.00.2039
2020-07-23 14:52:40,518  INFO 14884 main com.firesoon.syn.factory.analyse.AnalyserFactory:43 - 数据库结构分析构造完毕
2020-07-23 14:52:40,520  INFO 14884 main com.firesoon.syn.factory.analyse.impl.SqlServerSqlAnalyser:77 - 开始读取数据库表结构定义，数据库名：HS，模式：
2020-07-23 14:52:40,520  INFO 14884 main com.firesoon.syn.factory.analyse.impl.SqlServerSqlAnalyser:79 - 开始读取表信息
2020-07-23 14:52:40,604  INFO 14884 main com.firesoon.syn.factory.analyse.impl.SqlServerSqlAnalyser:81 - 获取到5条表信息
2020-07-23 14:52:40,604  INFO 14884 main com.firesoon.syn.factory.analyse.impl.SqlServerSqlAnalyser:84 - 开始处理表信息
2020-07-23 14:52:40,604  INFO 14884 main com.firesoon.syn.factory.analyse.impl.SqlServerSqlAnalyser:90 - 表信息处理完成
2020-07-23 14:52:40,605  INFO 14884 main com.firesoon.syn.factory.analyse.impl.SqlServerSqlAnalyser:93 - 开始读取列信息
2020-07-23 14:52:40,622  INFO 14884 main com.firesoon.syn.factory.analyse.impl.SqlServerSqlAnalyser:96 - 获取到28条列信息
2020-07-23 14:52:40,623  INFO 14884 main com.firesoon.syn.factory.analyse.impl.SqlServerSqlAnalyser:98 - 开始归并列至所属表
2020-07-23 14:52:40,625  INFO 14884 main com.firesoon.syn.factory.analyse.impl.SqlServerSqlAnalyser:117 - 归并列至所属表完成
2020-07-23 14:52:40,625  INFO 14884 main com.firesoon.syn.factory.analyse.impl.SqlServerSqlAnalyser:119 - 开始获取主键信息
2020-07-23 14:52:40,627  INFO 14884 main com.firesoon.syn.factory.analyse.impl.SqlServerSqlAnalyser:121 - 主键信息获取完成
2020-07-23 14:52:40,627  INFO 14884 main com.firesoon.syn.factory.analyse.impl.SqlServerSqlAnalyser:123 - 开始归并主键信息
2020-07-23 14:52:40,628  INFO 14884 main com.firesoon.syn.factory.analyse.impl.SqlServerSqlAnalyser:125 - 主键信息归并完成
2020-07-23 14:52:40,628  INFO 14884 main com.firesoon.syn.factory.analyse.impl.SqlServerSqlAnalyser:127 - 数据库表结构定义读取完毕，共读取到5条表信息
2020-07-23 14:52:40,628  INFO 14884 main com.firesoon.syn.OracleSqlGenerate:35 - 源数据库指定表结构结构定义获取完毕
2020-07-23 14:52:40,628  INFO 14884 main com.firesoon.syn.OracleSqlGenerate:36 - 开始转换为目标数据库类型
2020-07-23 14:52:40,628  INFO 14884 main com.firesoon.syn.OracleSqlGenerate:39 - 开始转换为目标数据库类型
2020-07-23 14:53:19,657  INFO 14884 main com.firesoon.syn.OracleSqlGenerate:42 - 目标数据库指定表类型转换完成
2020-07-23 15:08:55,204  INFO 11748 main com.firesoon.syn.OracleSqlGenerate:55 - 连接源数据库，进行指定表结构的解析
2020-07-23 15:08:55,560  INFO 11748 main com.firesoon.syn.factory.analyse.AnalyserFactory:29 - 开始构造数据库结构分析，数据库类型：Microsoft SQL Server，版本：8.00.2039
2020-07-23 15:08:55,561  INFO 11748 main com.firesoon.syn.factory.analyse.AnalyserFactory:43 - 数据库结构分析构造完毕
2020-07-23 15:08:55,563  INFO 11748 main com.firesoon.syn.factory.analyse.impl.SqlServerSqlAnalyser:77 - 开始读取数据库表结构定义，数据库名：HS，模式：
2020-07-23 15:08:55,563  INFO 11748 main com.firesoon.syn.factory.analyse.impl.SqlServerSqlAnalyser:79 - 开始读取表信息
2020-07-23 15:08:55,654  INFO 11748 main com.firesoon.syn.factory.analyse.impl.SqlServerSqlAnalyser:81 - 获取到5条表信息
2020-07-23 15:08:55,654  INFO 11748 main com.firesoon.syn.factory.analyse.impl.SqlServerSqlAnalyser:84 - 开始处理表信息
2020-07-23 15:08:55,654  INFO 11748 main com.firesoon.syn.factory.analyse.impl.SqlServerSqlAnalyser:90 - 表信息处理完成
2020-07-23 15:08:55,655  INFO 11748 main com.firesoon.syn.factory.analyse.impl.SqlServerSqlAnalyser:93 - 开始读取列信息
2020-07-23 15:08:55,675  INFO 11748 main com.firesoon.syn.factory.analyse.impl.SqlServerSqlAnalyser:96 - 获取到28条列信息
2020-07-23 15:08:55,675  INFO 11748 main com.firesoon.syn.factory.analyse.impl.SqlServerSqlAnalyser:98 - 开始归并列至所属表
2020-07-23 15:08:55,676  INFO 11748 main com.firesoon.syn.factory.analyse.impl.SqlServerSqlAnalyser:117 - 归并列至所属表完成
2020-07-23 15:08:55,676  INFO 11748 main com.firesoon.syn.factory.analyse.impl.SqlServerSqlAnalyser:119 - 开始获取主键信息
2020-07-23 15:08:55,680  INFO 11748 main com.firesoon.syn.factory.analyse.impl.SqlServerSqlAnalyser:121 - 主键信息获取完成
2020-07-23 15:08:55,680  INFO 11748 main com.firesoon.syn.factory.analyse.impl.SqlServerSqlAnalyser:123 - 开始归并主键信息
2020-07-23 15:08:55,680  INFO 11748 main com.firesoon.syn.factory.analyse.impl.SqlServerSqlAnalyser:125 - 主键信息归并完成
2020-07-23 15:08:55,680  INFO 11748 main com.firesoon.syn.factory.analyse.impl.SqlServerSqlAnalyser:127 - 数据库表结构定义读取完毕，共读取到5条表信息
2020-07-23 15:08:55,681  INFO 11748 main com.firesoon.syn.OracleSqlGenerate:59 - 连接目标数据库，进行指定表结构的解析
2020-07-23 15:08:57,638  INFO 11748 main com.firesoon.syn.factory.analyse.AnalyserFactory:29 - 开始构造数据库结构分析，数据库类型：Oracle，版本：Oracle Database 11g Enterprise Edition Release 11.2.0.4.0 - 64bit Production
With the Partitioning, OLAP, Data Mining and Real Application Testing options
2020-07-23 15:08:57,639  INFO 11748 main com.firesoon.syn.factory.analyse.AnalyserFactory:43 - 数据库结构分析构造完毕
2020-07-23 15:08:57,851  INFO 11748 main com.firesoon.syn.factory.analyse.impl.OracleSqlAnalyser:77 - 开始读取数据库表结构定义，数据库名：null，模式：
2020-07-23 15:08:57,851  INFO 11748 main com.firesoon.syn.factory.analyse.impl.OracleSqlAnalyser:79 - 开始读取表信息
2020-07-23 15:08:57,853  INFO 11748 main com.firesoon.syn.factory.analyse.impl.OracleSqlAnalyser:81 - 获取到0条表信息
2020-07-23 15:08:57,853  INFO 11748 main com.firesoon.syn.factory.analyse.impl.OracleSqlAnalyser:84 - 开始处理表信息
2020-07-23 15:08:57,854  INFO 11748 main com.firesoon.syn.factory.analyse.impl.OracleSqlAnalyser:90 - 表信息处理完成
2020-07-23 15:08:57,854  INFO 11748 main com.firesoon.syn.factory.analyse.impl.OracleSqlAnalyser:93 - 开始读取列信息
2020-07-23 15:08:57,896  INFO 11748 main com.firesoon.syn.factory.analyse.impl.OracleSqlAnalyser:96 - 获取到0条列信息
2020-07-23 15:08:57,897  INFO 11748 main com.firesoon.syn.factory.analyse.impl.OracleSqlAnalyser:98 - 开始归并列至所属表
2020-07-23 15:08:57,897  INFO 11748 main com.firesoon.syn.factory.analyse.impl.OracleSqlAnalyser:117 - 归并列至所属表完成
2020-07-23 15:08:57,897  INFO 11748 main com.firesoon.syn.factory.analyse.impl.OracleSqlAnalyser:119 - 开始获取主键信息
2020-07-23 15:08:58,027  INFO 11748 main com.firesoon.syn.factory.analyse.impl.OracleSqlAnalyser:121 - 主键信息获取完成
2020-07-23 15:08:58,027  INFO 11748 main com.firesoon.syn.factory.analyse.impl.OracleSqlAnalyser:123 - 开始归并主键信息
2020-07-23 15:08:58,027  INFO 11748 main com.firesoon.syn.factory.analyse.impl.OracleSqlAnalyser:125 - 主键信息归并完成
2020-07-23 15:08:58,028  INFO 11748 main com.firesoon.syn.factory.analyse.impl.OracleSqlAnalyser:127 - 数据库表结构定义读取完毕，共读取到0条表信息
2020-07-23 15:08:58,028  INFO 11748 main com.firesoon.syn.OracleSqlGenerate:63 - 源数据库和目标数据库指定表结构结构定义获取完毕
2020-07-23 15:08:58,028  INFO 11748 main com.firesoon.syn.OracleSqlGenerate:64 - 将源数据库指定表进型数据类型的转化
2020-07-23 15:09:05,808  INFO 11748 main com.firesoon.syn.OracleSqlGenerate:70 - 目标数据库指定表类型转换完成
2020-07-23 15:09:05,809  INFO 11748 main com.firesoon.syn.OracleSqlGenerate:78 - 元素数据库不存在当前的表结构
2020-07-23 15:10:37,391  INFO 3396 main com.firesoon.syn.OracleSqlGenerate:55 - 连接源数据库，进行指定表结构的解析
2020-07-23 15:10:37,686  INFO 3396 main com.firesoon.syn.factory.analyse.AnalyserFactory:29 - 开始构造数据库结构分析，数据库类型：Microsoft SQL Server，版本：8.00.2039
2020-07-23 15:10:37,687  INFO 3396 main com.firesoon.syn.factory.analyse.AnalyserFactory:43 - 数据库结构分析构造完毕
2020-07-23 15:10:37,688  INFO 3396 main com.firesoon.syn.factory.analyse.impl.SqlServerSqlAnalyser:77 - 开始读取数据库表结构定义，数据库名：HS，模式：
2020-07-23 15:10:37,689  INFO 3396 main com.firesoon.syn.factory.analyse.impl.SqlServerSqlAnalyser:79 - 开始读取表信息
2020-07-23 15:10:37,767  INFO 3396 main com.firesoon.syn.factory.analyse.impl.SqlServerSqlAnalyser:81 - 获取到5条表信息
2020-07-23 15:10:37,767  INFO 3396 main com.firesoon.syn.factory.analyse.impl.SqlServerSqlAnalyser:84 - 开始处理表信息
2020-07-23 15:10:37,768  INFO 3396 main com.firesoon.syn.factory.analyse.impl.SqlServerSqlAnalyser:90 - 表信息处理完成
2020-07-23 15:10:37,768  INFO 3396 main com.firesoon.syn.factory.analyse.impl.SqlServerSqlAnalyser:93 - 开始读取列信息
2020-07-23 15:10:37,783  INFO 3396 main com.firesoon.syn.factory.analyse.impl.SqlServerSqlAnalyser:96 - 获取到28条列信息
2020-07-23 15:10:37,784  INFO 3396 main com.firesoon.syn.factory.analyse.impl.SqlServerSqlAnalyser:98 - 开始归并列至所属表
2020-07-23 15:10:37,784  INFO 3396 main com.firesoon.syn.factory.analyse.impl.SqlServerSqlAnalyser:117 - 归并列至所属表完成
2020-07-23 15:10:37,785  INFO 3396 main com.firesoon.syn.factory.analyse.impl.SqlServerSqlAnalyser:119 - 开始获取主键信息
2020-07-23 15:10:37,787  INFO 3396 main com.firesoon.syn.factory.analyse.impl.SqlServerSqlAnalyser:121 - 主键信息获取完成
2020-07-23 15:10:37,787  INFO 3396 main com.firesoon.syn.factory.analyse.impl.SqlServerSqlAnalyser:123 - 开始归并主键信息
2020-07-23 15:10:37,788  INFO 3396 main com.firesoon.syn.factory.analyse.impl.SqlServerSqlAnalyser:125 - 主键信息归并完成
2020-07-23 15:10:37,788  INFO 3396 main com.firesoon.syn.factory.analyse.impl.SqlServerSqlAnalyser:127 - 数据库表结构定义读取完毕，共读取到5条表信息
2020-07-23 15:10:37,788  INFO 3396 main com.firesoon.syn.OracleSqlGenerate:59 - 连接目标数据库，进行指定表结构的解析
2020-07-23 15:10:39,918  INFO 3396 main com.firesoon.syn.factory.analyse.AnalyserFactory:29 - 开始构造数据库结构分析，数据库类型：Oracle，版本：Oracle Database 11g Enterprise Edition Release 11.2.0.4.0 - 64bit Production
With the Partitioning, OLAP, Data Mining and Real Application Testing options
2020-07-23 15:10:39,918  INFO 3396 main com.firesoon.syn.factory.analyse.AnalyserFactory:43 - 数据库结构分析构造完毕
2020-07-23 15:10:40,124  INFO 3396 main com.firesoon.syn.factory.analyse.impl.OracleSqlAnalyser:77 - 开始读取数据库表结构定义，数据库名：null，模式：
2020-07-23 15:10:40,124  INFO 3396 main com.firesoon.syn.factory.analyse.impl.OracleSqlAnalyser:79 - 开始读取表信息
2020-07-23 15:10:40,126  INFO 3396 main com.firesoon.syn.factory.analyse.impl.OracleSqlAnalyser:81 - 获取到0条表信息
2020-07-23 15:10:40,127  INFO 3396 main com.firesoon.syn.factory.analyse.impl.OracleSqlAnalyser:84 - 开始处理表信息
2020-07-23 15:10:40,127  INFO 3396 main com.firesoon.syn.factory.analyse.impl.OracleSqlAnalyser:90 - 表信息处理完成
2020-07-23 15:10:40,127  INFO 3396 main com.firesoon.syn.factory.analyse.impl.OracleSqlAnalyser:93 - 开始读取列信息
2020-07-23 15:10:40,168  INFO 3396 main com.firesoon.syn.factory.analyse.impl.OracleSqlAnalyser:96 - 获取到0条列信息
2020-07-23 15:10:40,168  INFO 3396 main com.firesoon.syn.factory.analyse.impl.OracleSqlAnalyser:98 - 开始归并列至所属表
2020-07-23 15:10:40,168  INFO 3396 main com.firesoon.syn.factory.analyse.impl.OracleSqlAnalyser:117 - 归并列至所属表完成
2020-07-23 15:10:40,169  INFO 3396 main com.firesoon.syn.factory.analyse.impl.OracleSqlAnalyser:119 - 开始获取主键信息
2020-07-23 15:10:40,351  INFO 3396 main com.firesoon.syn.factory.analyse.impl.OracleSqlAnalyser:121 - 主键信息获取完成
2020-07-23 15:10:40,351  INFO 3396 main com.firesoon.syn.factory.analyse.impl.OracleSqlAnalyser:123 - 开始归并主键信息
2020-07-23 15:10:40,351  INFO 3396 main com.firesoon.syn.factory.analyse.impl.OracleSqlAnalyser:125 - 主键信息归并完成
2020-07-23 15:10:40,352  INFO 3396 main com.firesoon.syn.factory.analyse.impl.OracleSqlAnalyser:127 - 数据库表结构定义读取完毕，共读取到0条表信息
2020-07-23 15:10:40,353  INFO 3396 main com.firesoon.syn.OracleSqlGenerate:63 - 源数据库和目标数据库指定表结构结构定义获取完毕
2020-07-23 15:10:40,353  INFO 3396 main com.firesoon.syn.OracleSqlGenerate:64 - 将源数据库指定表进型数据类型的转化
2020-07-23 15:10:40,435  INFO 3396 main com.firesoon.syn.OracleSqlGenerate:70 - 目标数据库指定表类型转换完成
2020-07-23 15:10:40,437  INFO 3396 main com.firesoon.syn.OracleSqlGenerate:78 - 元素数据库不存在当前的表结构
2020-07-23 15:12:33,604  INFO 13632 main com.firesoon.syn.OracleSqlGenerate:55 - 连接源数据库，进行指定表结构的解析
2020-07-23 15:12:38,151  INFO 13632 main com.firesoon.syn.factory.analyse.AnalyserFactory:29 - 开始构造数据库结构分析，数据库类型：Microsoft SQL Server，版本：8.00.2039
2020-07-23 15:12:38,165  INFO 13632 main com.firesoon.syn.factory.analyse.AnalyserFactory:43 - 数据库结构分析构造完毕
2020-07-23 15:12:38,176  INFO 13632 main com.firesoon.syn.factory.analyse.impl.SqlServerSqlAnalyser:77 - 开始读取数据库表结构定义，数据库名：HS，模式：
2020-07-23 15:12:38,179  INFO 13632 main com.firesoon.syn.factory.analyse.impl.SqlServerSqlAnalyser:79 - 开始读取表信息
2020-07-23 15:12:39,417  INFO 13632 main com.firesoon.syn.factory.analyse.impl.SqlServerSqlAnalyser:81 - 获取到5条表信息
2020-07-23 15:12:39,420  INFO 13632 main com.firesoon.syn.factory.analyse.impl.SqlServerSqlAnalyser:84 - 开始处理表信息
2020-07-23 15:12:39,423  INFO 13632 main com.firesoon.syn.factory.analyse.impl.SqlServerSqlAnalyser:90 - 表信息处理完成
2020-07-23 15:12:39,426  INFO 13632 main com.firesoon.syn.factory.analyse.impl.SqlServerSqlAnalyser:93 - 开始读取列信息
2020-07-23 15:12:39,817  INFO 13632 main com.firesoon.syn.factory.analyse.impl.SqlServerSqlAnalyser:96 - 获取到28条列信息
2020-07-23 15:12:39,819  INFO 13632 main com.firesoon.syn.factory.analyse.impl.SqlServerSqlAnalyser:98 - 开始归并列至所属表
2020-07-23 15:12:39,824  INFO 13632 main com.firesoon.syn.factory.analyse.impl.SqlServerSqlAnalyser:117 - 归并列至所属表完成
2020-07-23 15:12:39,827  INFO 13632 main com.firesoon.syn.factory.analyse.impl.SqlServerSqlAnalyser:119 - 开始获取主键信息
2020-07-23 15:12:39,854  INFO 13632 main com.firesoon.syn.factory.analyse.impl.SqlServerSqlAnalyser:121 - 主键信息获取完成
2020-07-23 15:12:39,856  INFO 13632 main com.firesoon.syn.factory.analyse.impl.SqlServerSqlAnalyser:123 - 开始归并主键信息
2020-07-23 15:12:39,859  INFO 13632 main com.firesoon.syn.factory.analyse.impl.SqlServerSqlAnalyser:125 - 主键信息归并完成
2020-07-23 15:12:39,862  INFO 13632 main com.firesoon.syn.factory.analyse.impl.SqlServerSqlAnalyser:127 - 数据库表结构定义读取完毕，共读取到5条表信息
2020-07-23 15:12:39,866  INFO 13632 main com.firesoon.syn.OracleSqlGenerate:59 - 连接目标数据库，进行指定表结构的解析
2020-07-23 15:13:01,884  INFO 13632 main com.firesoon.syn.factory.analyse.AnalyserFactory:29 - 开始构造数据库结构分析，数据库类型：Oracle，版本：Oracle Database 11g Enterprise Edition Release 11.2.0.4.0 - 64bit Production
With the Partitioning, OLAP, Data Mining and Real Application Testing options
2020-07-23 15:13:01,902  INFO 13632 main com.firesoon.syn.factory.analyse.AnalyserFactory:43 - 数据库结构分析构造完毕
2020-07-23 15:13:04,684  INFO 13632 main com.firesoon.syn.factory.analyse.impl.OracleSqlAnalyser:77 - 开始读取数据库表结构定义，数据库名：null，模式：
2020-07-23 15:13:04,689  INFO 13632 main com.firesoon.syn.factory.analyse.impl.OracleSqlAnalyser:79 - 开始读取表信息
2020-07-23 15:13:04,707  INFO 13632 main com.firesoon.syn.factory.analyse.impl.OracleSqlAnalyser:81 - 获取到0条表信息
2020-07-23 15:13:04,711  INFO 13632 main com.firesoon.syn.factory.analyse.impl.OracleSqlAnalyser:84 - 开始处理表信息
2020-07-23 15:13:04,714  INFO 13632 main com.firesoon.syn.factory.analyse.impl.OracleSqlAnalyser:90 - 表信息处理完成
2020-07-23 15:13:04,717  INFO 13632 main com.firesoon.syn.factory.analyse.impl.OracleSqlAnalyser:93 - 开始读取列信息
2020-07-23 15:13:04,800  INFO 13632 main com.firesoon.syn.factory.analyse.impl.OracleSqlAnalyser:96 - 获取到0条列信息
2020-07-23 15:13:04,804  INFO 13632 main com.firesoon.syn.factory.analyse.impl.OracleSqlAnalyser:98 - 开始归并列至所属表
2020-07-23 15:13:04,807  INFO 13632 main com.firesoon.syn.factory.analyse.impl.OracleSqlAnalyser:117 - 归并列至所属表完成
2020-07-23 15:13:04,810  INFO 13632 main com.firesoon.syn.factory.analyse.impl.OracleSqlAnalyser:119 - 开始获取主键信息
2020-07-23 15:13:05,336  INFO 13632 main com.firesoon.syn.factory.analyse.impl.OracleSqlAnalyser:121 - 主键信息获取完成
2020-07-23 15:13:05,340  INFO 13632 main com.firesoon.syn.factory.analyse.impl.OracleSqlAnalyser:123 - 开始归并主键信息
2020-07-23 15:13:05,347  INFO 13632 main com.firesoon.syn.factory.analyse.impl.OracleSqlAnalyser:125 - 主键信息归并完成
2020-07-23 15:13:05,351  INFO 13632 main com.firesoon.syn.factory.analyse.impl.OracleSqlAnalyser:127 - 数据库表结构定义读取完毕，共读取到0条表信息
2020-07-23 15:13:05,354  INFO 13632 main com.firesoon.syn.OracleSqlGenerate:63 - 源数据库和目标数据库指定表结构结构定义获取完毕
2020-07-23 15:13:05,358  INFO 13632 main com.firesoon.syn.OracleSqlGenerate:64 - 将源数据库指定表进型数据类型的转化
2020-07-23 15:13:06,371  INFO 13632 main com.firesoon.syn.OracleSqlGenerate:70 - 目标数据库指定表类型转换完成
2020-07-23 15:13:42,417  INFO 13632 main com.firesoon.syn.OracleSqlGenerate:78 - 元素数据库不存在当前的表结构
2020-07-23 15:13:51,019  INFO 7696 main com.firesoon.syn.OracleSqlGenerate:55 - 连接源数据库，进行指定表结构的解析
2020-07-23 15:13:51,387  INFO 7696 main com.firesoon.syn.factory.analyse.AnalyserFactory:29 - 开始构造数据库结构分析，数据库类型：Microsoft SQL Server，版本：8.00.2039
2020-07-23 15:13:51,389  INFO 7696 main com.firesoon.syn.factory.analyse.AnalyserFactory:43 - 数据库结构分析构造完毕
2020-07-23 15:13:51,391  INFO 7696 main com.firesoon.syn.factory.analyse.impl.SqlServerSqlAnalyser:77 - 开始读取数据库表结构定义，数据库名：HS，模式：
2020-07-23 15:13:51,391  INFO 7696 main com.firesoon.syn.factory.analyse.impl.SqlServerSqlAnalyser:79 - 开始读取表信息
2020-07-23 15:13:51,479  INFO 7696 main com.firesoon.syn.factory.analyse.impl.SqlServerSqlAnalyser:81 - 获取到5条表信息
2020-07-23 15:13:51,480  INFO 7696 main com.firesoon.syn.factory.analyse.impl.SqlServerSqlAnalyser:84 - 开始处理表信息
2020-07-23 15:13:51,480  INFO 7696 main com.firesoon.syn.factory.analyse.impl.SqlServerSqlAnalyser:90 - 表信息处理完成
2020-07-23 15:13:51,480  INFO 7696 main com.firesoon.syn.factory.analyse.impl.SqlServerSqlAnalyser:93 - 开始读取列信息
2020-07-23 15:13:51,501  INFO 7696 main com.firesoon.syn.factory.analyse.impl.SqlServerSqlAnalyser:96 - 获取到28条列信息
2020-07-23 15:13:51,501  INFO 7696 main com.firesoon.syn.factory.analyse.impl.SqlServerSqlAnalyser:98 - 开始归并列至所属表
2020-07-23 15:13:51,502  INFO 7696 main com.firesoon.syn.factory.analyse.impl.SqlServerSqlAnalyser:117 - 归并列至所属表完成
2020-07-23 15:13:51,502  INFO 7696 main com.firesoon.syn.factory.analyse.impl.SqlServerSqlAnalyser:119 - 开始获取主键信息
2020-07-23 15:13:51,505  INFO 7696 main com.firesoon.syn.factory.analyse.impl.SqlServerSqlAnalyser:121 - 主键信息获取完成
2020-07-23 15:13:51,505  INFO 7696 main com.firesoon.syn.factory.analyse.impl.SqlServerSqlAnalyser:123 - 开始归并主键信息
2020-07-23 15:13:51,506  INFO 7696 main com.firesoon.syn.factory.analyse.impl.SqlServerSqlAnalyser:125 - 主键信息归并完成
2020-07-23 15:13:51,506  INFO 7696 main com.firesoon.syn.factory.analyse.impl.SqlServerSqlAnalyser:127 - 数据库表结构定义读取完毕，共读取到5条表信息
2020-07-23 15:13:51,506  INFO 7696 main com.firesoon.syn.OracleSqlGenerate:59 - 连接目标数据库，进行指定表结构的解析
2020-07-23 15:13:54,083  INFO 7696 main com.firesoon.syn.factory.analyse.AnalyserFactory:29 - 开始构造数据库结构分析，数据库类型：Oracle，版本：Oracle Database 11g Enterprise Edition Release 11.2.0.4.0 - 64bit Production
With the Partitioning, OLAP, Data Mining and Real Application Testing options
2020-07-23 15:13:54,084  INFO 7696 main com.firesoon.syn.factory.analyse.AnalyserFactory:43 - 数据库结构分析构造完毕
2020-07-23 15:13:54,282  INFO 7696 main com.firesoon.syn.factory.analyse.impl.OracleSqlAnalyser:77 - 开始读取数据库表结构定义，数据库名：null，模式：
2020-07-23 15:13:54,282  INFO 7696 main com.firesoon.syn.factory.analyse.impl.OracleSqlAnalyser:79 - 开始读取表信息
2020-07-23 15:13:54,285  INFO 7696 main com.firesoon.syn.factory.analyse.impl.OracleSqlAnalyser:81 - 获取到0条表信息
2020-07-23 15:13:54,285  INFO 7696 main com.firesoon.syn.factory.analyse.impl.OracleSqlAnalyser:84 - 开始处理表信息
2020-07-23 15:13:54,285  INFO 7696 main com.firesoon.syn.factory.analyse.impl.OracleSqlAnalyser:90 - 表信息处理完成
2020-07-23 15:13:54,285  INFO 7696 main com.firesoon.syn.factory.analyse.impl.OracleSqlAnalyser:93 - 开始读取列信息
2020-07-23 15:13:54,327  INFO 7696 main com.firesoon.syn.factory.analyse.impl.OracleSqlAnalyser:96 - 获取到0条列信息
2020-07-23 15:13:54,327  INFO 7696 main com.firesoon.syn.factory.analyse.impl.OracleSqlAnalyser:98 - 开始归并列至所属表
2020-07-23 15:13:54,328  INFO 7696 main com.firesoon.syn.factory.analyse.impl.OracleSqlAnalyser:117 - 归并列至所属表完成
2020-07-23 15:13:54,328  INFO 7696 main com.firesoon.syn.factory.analyse.impl.OracleSqlAnalyser:119 - 开始获取主键信息
2020-07-23 15:13:54,455  INFO 7696 main com.firesoon.syn.factory.analyse.impl.OracleSqlAnalyser:121 - 主键信息获取完成
2020-07-23 15:13:54,456  INFO 7696 main com.firesoon.syn.factory.analyse.impl.OracleSqlAnalyser:123 - 开始归并主键信息
2020-07-23 15:13:54,456  INFO 7696 main com.firesoon.syn.factory.analyse.impl.OracleSqlAnalyser:125 - 主键信息归并完成
2020-07-23 15:13:54,456  INFO 7696 main com.firesoon.syn.factory.analyse.impl.OracleSqlAnalyser:127 - 数据库表结构定义读取完毕，共读取到0条表信息
2020-07-23 15:13:54,456  INFO 7696 main com.firesoon.syn.OracleSqlGenerate:63 - 源数据库和目标数据库指定表结构结构定义获取完毕
2020-07-23 15:13:54,457  INFO 7696 main com.firesoon.syn.OracleSqlGenerate:64 - 将源数据库指定表进型数据类型的转化
2020-07-23 15:13:54,540  INFO 7696 main com.firesoon.syn.OracleSqlGenerate:70 - 目标数据库指定表类型转换完成
2020-07-23 15:15:01,967  INFO 7696 main com.firesoon.syn.OracleSqlGenerate:78 - 元素数据库不存在当前的表结构
2020-07-23 15:15:12,250  INFO 14012 main com.firesoon.syn.OracleSqlGenerate:55 - 连接源数据库，进行指定表结构的解析
2020-07-23 15:15:17,544  INFO 14012 main com.firesoon.syn.factory.analyse.AnalyserFactory:29 - 开始构造数据库结构分析，数据库类型：Microsoft SQL Server，版本：8.00.2039
2020-07-23 15:15:17,559  INFO 14012 main com.firesoon.syn.factory.analyse.AnalyserFactory:43 - 数据库结构分析构造完毕
2020-07-23 15:15:17,796  INFO 14012 main com.firesoon.syn.factory.analyse.impl.SqlServerSqlAnalyser:77 - 开始读取数据库表结构定义，数据库名：HS，模式：
2020-07-23 15:15:17,799  INFO 14012 main com.firesoon.syn.factory.analyse.impl.SqlServerSqlAnalyser:79 - 开始读取表信息
2020-07-23 15:15:19,039  INFO 14012 main com.firesoon.syn.factory.analyse.impl.SqlServerSqlAnalyser:81 - 获取到5条表信息
2020-07-23 15:15:19,043  INFO 14012 main com.firesoon.syn.factory.analyse.impl.SqlServerSqlAnalyser:84 - 开始处理表信息
2020-07-23 15:15:19,045  INFO 14012 main com.firesoon.syn.factory.analyse.impl.SqlServerSqlAnalyser:90 - 表信息处理完成
2020-07-23 15:15:19,049  INFO 14012 main com.firesoon.syn.factory.analyse.impl.SqlServerSqlAnalyser:93 - 开始读取列信息
2020-07-23 15:15:19,456  INFO 14012 main com.firesoon.syn.factory.analyse.impl.SqlServerSqlAnalyser:96 - 获取到28条列信息
2020-07-23 15:15:19,459  INFO 14012 main com.firesoon.syn.factory.analyse.impl.SqlServerSqlAnalyser:98 - 开始归并列至所属表
2020-07-23 15:15:19,464  INFO 14012 main com.firesoon.syn.factory.analyse.impl.SqlServerSqlAnalyser:117 - 归并列至所属表完成
2020-07-23 15:15:19,466  INFO 14012 main com.firesoon.syn.factory.analyse.impl.SqlServerSqlAnalyser:119 - 开始获取主键信息
2020-07-23 15:15:19,494  INFO 14012 main com.firesoon.syn.factory.analyse.impl.SqlServerSqlAnalyser:121 - 主键信息获取完成
2020-07-23 15:15:19,497  INFO 14012 main com.firesoon.syn.factory.analyse.impl.SqlServerSqlAnalyser:123 - 开始归并主键信息
2020-07-23 15:15:19,500  INFO 14012 main com.firesoon.syn.factory.analyse.impl.SqlServerSqlAnalyser:125 - 主键信息归并完成
2020-07-23 15:15:19,503  INFO 14012 main com.firesoon.syn.factory.analyse.impl.SqlServerSqlAnalyser:127 - 数据库表结构定义读取完毕，共读取到5条表信息
2020-07-23 15:15:19,891  INFO 14012 main com.firesoon.syn.OracleSqlGenerate:59 - 连接目标数据库，进行指定表结构的解析
2020-07-23 15:15:47,914  INFO 14012 main com.firesoon.syn.factory.analyse.AnalyserFactory:29 - 开始构造数据库结构分析，数据库类型：Oracle，版本：Oracle Database 11g Enterprise Edition Release 11.2.0.4.0 - 64bit Production
With the Partitioning, OLAP, Data Mining and Real Application Testing options
2020-07-23 15:15:47,932  INFO 14012 main com.firesoon.syn.factory.analyse.AnalyserFactory:43 - 数据库结构分析构造完毕
2020-07-23 15:15:56,806  INFO 14012 main com.firesoon.syn.factory.analyse.impl.OracleSqlAnalyser:77 - 开始读取数据库表结构定义，数据库名：null，模式：
2020-07-23 15:15:56,809  INFO 14012 main com.firesoon.syn.factory.analyse.impl.OracleSqlAnalyser:79 - 开始读取表信息
2020-07-23 15:15:56,825  INFO 14012 main com.firesoon.syn.factory.analyse.impl.OracleSqlAnalyser:81 - 获取到0条表信息
2020-07-23 15:15:56,827  INFO 14012 main com.firesoon.syn.factory.analyse.impl.OracleSqlAnalyser:84 - 开始处理表信息
2020-07-23 15:15:56,830  INFO 14012 main com.firesoon.syn.factory.analyse.impl.OracleSqlAnalyser:90 - 表信息处理完成
2020-07-23 15:15:56,833  INFO 14012 main com.firesoon.syn.factory.analyse.impl.OracleSqlAnalyser:93 - 开始读取列信息
2020-07-23 15:15:56,913  INFO 14012 main com.firesoon.syn.factory.analyse.impl.OracleSqlAnalyser:96 - 获取到0条列信息
2020-07-23 15:15:56,915  INFO 14012 main com.firesoon.syn.factory.analyse.impl.OracleSqlAnalyser:98 - 开始归并列至所属表
2020-07-23 15:15:56,918  INFO 14012 main com.firesoon.syn.factory.analyse.impl.OracleSqlAnalyser:117 - 归并列至所属表完成
2020-07-23 15:15:56,920  INFO 14012 main com.firesoon.syn.factory.analyse.impl.OracleSqlAnalyser:119 - 开始获取主键信息
2020-07-23 15:15:57,441  INFO 14012 main com.firesoon.syn.factory.analyse.impl.OracleSqlAnalyser:121 - 主键信息获取完成
2020-07-23 15:15:57,444  INFO 14012 main com.firesoon.syn.factory.analyse.impl.OracleSqlAnalyser:123 - 开始归并主键信息
2020-07-23 15:15:57,450  INFO 14012 main com.firesoon.syn.factory.analyse.impl.OracleSqlAnalyser:125 - 主键信息归并完成
2020-07-23 15:15:57,453  INFO 14012 main com.firesoon.syn.factory.analyse.impl.OracleSqlAnalyser:127 - 数据库表结构定义读取完毕，共读取到0条表信息
2020-07-23 15:16:10,163  INFO 14012 main com.firesoon.syn.OracleSqlGenerate:63 - 源数据库和目标数据库指定表结构结构定义获取完毕
2020-07-23 15:16:10,165  INFO 14012 main com.firesoon.syn.OracleSqlGenerate:64 - 将源数据库指定表进型数据类型的转化
2020-07-23 15:16:15,794  INFO 13396 main com.firesoon.syn.OracleSqlGenerate:55 - 连接源数据库，进行指定表结构的解析
2020-07-23 15:16:21,301  INFO 13396 main com.firesoon.syn.factory.analyse.AnalyserFactory:29 - 开始构造数据库结构分析，数据库类型：Microsoft SQL Server，版本：8.00.2039
2020-07-23 15:16:21,316  INFO 13396 main com.firesoon.syn.factory.analyse.AnalyserFactory:43 - 数据库结构分析构造完毕
2020-07-23 15:16:23,011  INFO 13396 main com.firesoon.syn.factory.analyse.impl.SqlServerSqlAnalyser:77 - 开始读取数据库表结构定义，数据库名：HS，模式：
2020-07-23 15:16:23,014  INFO 13396 main com.firesoon.syn.factory.analyse.impl.SqlServerSqlAnalyser:79 - 开始读取表信息
2020-07-23 15:16:24,388  INFO 13396 main com.firesoon.syn.factory.analyse.impl.SqlServerSqlAnalyser:81 - 获取到5条表信息
2020-07-23 15:16:24,391  INFO 13396 main com.firesoon.syn.factory.analyse.impl.SqlServerSqlAnalyser:84 - 开始处理表信息
2020-07-23 15:16:24,394  INFO 13396 main com.firesoon.syn.factory.analyse.impl.SqlServerSqlAnalyser:90 - 表信息处理完成
2020-07-23 15:16:24,396  INFO 13396 main com.firesoon.syn.factory.analyse.impl.SqlServerSqlAnalyser:93 - 开始读取列信息
2020-07-23 15:16:24,807  INFO 13396 main com.firesoon.syn.factory.analyse.impl.SqlServerSqlAnalyser:96 - 获取到28条列信息
2020-07-23 15:16:24,810  INFO 13396 main com.firesoon.syn.factory.analyse.impl.SqlServerSqlAnalyser:98 - 开始归并列至所属表
2020-07-23 15:16:24,815  INFO 13396 main com.firesoon.syn.factory.analyse.impl.SqlServerSqlAnalyser:117 - 归并列至所属表完成
2020-07-23 15:16:24,818  INFO 13396 main com.firesoon.syn.factory.analyse.impl.SqlServerSqlAnalyser:119 - 开始获取主键信息
2020-07-23 15:16:24,845  INFO 13396 main com.firesoon.syn.factory.analyse.impl.SqlServerSqlAnalyser:121 - 主键信息获取完成
2020-07-23 15:16:24,848  INFO 13396 main com.firesoon.syn.factory.analyse.impl.SqlServerSqlAnalyser:123 - 开始归并主键信息
2020-07-23 15:16:24,851  INFO 13396 main com.firesoon.syn.factory.analyse.impl.SqlServerSqlAnalyser:125 - 主键信息归并完成
2020-07-23 15:16:24,854  INFO 13396 main com.firesoon.syn.factory.analyse.impl.SqlServerSqlAnalyser:127 - 数据库表结构定义读取完毕，共读取到5条表信息
2020-07-23 15:16:25,809  INFO 13396 main com.firesoon.syn.OracleSqlGenerate:59 - 连接目标数据库，进行指定表结构的解析
2020-07-23 15:16:58,523  INFO 13396 main com.firesoon.syn.factory.analyse.AnalyserFactory:29 - 开始构造数据库结构分析，数据库类型：Oracle，版本：Oracle Database 11g Enterprise Edition Release 11.2.0.4.0 - 64bit Production
With the Partitioning, OLAP, Data Mining and Real Application Testing options
2020-07-23 15:16:58,543  INFO 13396 main com.firesoon.syn.factory.analyse.AnalyserFactory:43 - 数据库结构分析构造完毕
2020-07-23 15:17:14,537  INFO 13396 main com.firesoon.syn.factory.analyse.impl.OracleSqlAnalyser:77 - 开始读取数据库表结构定义，数据库名：null，模式：
2020-07-23 15:17:22,075  INFO 13396 main com.firesoon.syn.factory.analyse.impl.OracleSqlAnalyser:79 - 开始读取表信息
2020-07-23 15:18:14,310  INFO 13396 main com.firesoon.syn.factory.analyse.impl.OracleSqlAnalyser:81 - 获取到0条表信息
2020-07-23 15:18:15,041  INFO 13396 main com.firesoon.syn.factory.analyse.impl.OracleSqlAnalyser:84 - 开始处理表信息
2020-07-23 15:18:15,986  INFO 13396 main com.firesoon.syn.factory.analyse.impl.OracleSqlAnalyser:90 - 表信息处理完成
2020-07-23 15:18:16,297  INFO 13396 main com.firesoon.syn.factory.analyse.impl.OracleSqlAnalyser:93 - 开始读取列信息
2020-07-23 15:18:22,482  INFO 13396 main com.firesoon.syn.factory.analyse.impl.OracleSqlAnalyser:96 - 获取到0条列信息
2020-07-23 15:18:22,841  INFO 13396 main com.firesoon.syn.factory.analyse.impl.OracleSqlAnalyser:98 - 开始归并列至所属表
2020-07-23 15:18:48,529  INFO 13396 main com.firesoon.syn.factory.analyse.impl.OracleSqlAnalyser:117 - 归并列至所属表完成
2020-07-23 15:18:49,722  INFO 13396 main com.firesoon.syn.factory.analyse.impl.OracleSqlAnalyser:119 - 开始获取主键信息
2020-07-23 15:18:51,169  INFO 13396 main com.firesoon.syn.factory.analyse.impl.OracleSqlAnalyser:121 - 主键信息获取完成
2020-07-23 15:18:51,545  INFO 13396 main com.firesoon.syn.factory.analyse.impl.OracleSqlAnalyser:123 - 开始归并主键信息
2020-07-23 15:18:53,666  INFO 13396 main com.firesoon.syn.factory.analyse.impl.OracleSqlAnalyser:125 - 主键信息归并完成
2020-07-23 15:18:54,596  INFO 13396 main com.firesoon.syn.factory.analyse.impl.OracleSqlAnalyser:127 - 数据库表结构定义读取完毕，共读取到0条表信息
2020-07-23 15:19:07,586  INFO 13396 main com.firesoon.syn.OracleSqlGenerate:63 - 源数据库和目标数据库指定表结构结构定义获取完毕
2020-07-23 15:19:08,289  INFO 13396 main com.firesoon.syn.OracleSqlGenerate:64 - 将源数据库指定表进型数据类型的转化
2020-07-23 15:19:12,465  INFO 13396 main com.firesoon.syn.OracleSqlGenerate:70 - 目标数据库指定表类型转换完成
2020-07-23 15:24:32,687  INFO 13396 main com.firesoon.syn.OracleSqlGenerate:78 - 元素数据库不存在当前的表结构
2020-07-23 15:32:54,758  INFO 14360 main com.firesoon.syn.Transfer:92 - 开始读取配置文件
2020-07-23 15:32:54,769  INFO 14360 main com.firesoon.syn.Transfer:94 - 配置文件读取完毕，配置信息：[source.driverClass:com.microsoft.sqlserver.jdbc.SQLServerDriver,source.user.password:Sql@2019,source.user.schema:dbo,target.user.schema:123456,source.database.type:SQLSERVER,source.database.port:1433,target.database.type:ORACLE,target.database.ip:172.16.3.73,target.driverClass:oracle.jdbc.driver.OracleDriver,target.database.port:1521,target.user.password:123456,target.user.name:hzp,source.database.name:HS,source.user.name:sa ,source.database.ip:172.16.8.46,target.database.name:hdctest]
2020-07-23 15:32:54,770  INFO 14360 main com.firesoon.syn.Transfer:96 - 开始连接至数据库
2020-07-23 15:32:56,831  INFO 14360 main com.firesoon.syn.Transfer:98 - 成功连接至数据库
2020-07-23 15:32:56,831  INFO 14360 main com.firesoon.syn.Transfer:100 - 开始获取源数据库结构定义
2020-07-23 15:32:56,838  INFO 14360 main com.firesoon.syn.factory.analyse.AnalyserFactory:29 - 开始构造数据库结构分析，数据库类型：Microsoft SQL Server，版本：8.00.2039
2020-07-23 15:32:56,839  INFO 14360 main com.firesoon.syn.factory.analyse.AnalyserFactory:43 - 数据库结构分析构造完毕
2020-07-23 15:32:56,840  INFO 14360 main com.firesoon.syn.factory.analyse.impl.SqlServerSqlAnalyser:77 - 开始读取数据库表结构定义，数据库名：HS，模式：
2020-07-23 15:32:56,840  INFO 14360 main com.firesoon.syn.factory.analyse.impl.SqlServerSqlAnalyser:79 - 开始读取表信息
2020-07-23 15:32:56,894  INFO 14360 main com.firesoon.syn.factory.analyse.impl.SqlServerSqlAnalyser:81 - 获取到5条表信息
2020-07-23 15:32:56,894  INFO 14360 main com.firesoon.syn.factory.analyse.impl.SqlServerSqlAnalyser:84 - 开始处理表信息
2020-07-23 15:32:56,894  INFO 14360 main com.firesoon.syn.factory.analyse.impl.SqlServerSqlAnalyser:90 - 表信息处理完成
2020-07-23 15:32:56,895  INFO 14360 main com.firesoon.syn.factory.analyse.impl.SqlServerSqlAnalyser:93 - 开始读取列信息
2020-07-23 15:32:56,909  INFO 14360 main com.firesoon.syn.factory.analyse.impl.SqlServerSqlAnalyser:96 - 获取到28条列信息
2020-07-23 15:32:56,909  INFO 14360 main com.firesoon.syn.factory.analyse.impl.SqlServerSqlAnalyser:98 - 开始归并列至所属表
2020-07-23 15:32:56,909  INFO 14360 main com.firesoon.syn.factory.analyse.impl.SqlServerSqlAnalyser:117 - 归并列至所属表完成
2020-07-23 15:32:56,909  INFO 14360 main com.firesoon.syn.factory.analyse.impl.SqlServerSqlAnalyser:119 - 开始获取主键信息
2020-07-23 15:32:56,912  INFO 14360 main com.firesoon.syn.factory.analyse.impl.SqlServerSqlAnalyser:121 - 主键信息获取完成
2020-07-23 15:32:56,912  INFO 14360 main com.firesoon.syn.factory.analyse.impl.SqlServerSqlAnalyser:123 - 开始归并主键信息
2020-07-23 15:32:56,912  INFO 14360 main com.firesoon.syn.factory.analyse.impl.SqlServerSqlAnalyser:125 - 主键信息归并完成
2020-07-23 15:32:56,912  INFO 14360 main com.firesoon.syn.factory.analyse.impl.SqlServerSqlAnalyser:127 - 数据库表结构定义读取完毕，共读取到5条表信息
2020-07-23 15:32:56,913  INFO 14360 main com.firesoon.syn.Transfer:103 - 源数据库结构定义获取完毕
2020-07-23 15:32:56,913  INFO 14360 main com.firesoon.syn.Transfer:108 - 开始转换为目标数据库类型
2020-07-23 15:32:57,050  INFO 14360 main com.firesoon.syn.Transfer:111 - 目标数据库类型转换完成
2020-07-23 15:32:57,051  INFO 14360 main com.firesoon.syn.Transfer:114 - 开始构造目标数据库结构
2020-07-23 15:32:57,054  INFO 14360 main com.firesoon.syn.factory.generate.GeneratorFactory:39 - 开始初始化数据库结构，数据库类型：Oracle，版本：Oracle Database 11g Enterprise Edition Release 11.2.0.4.0 - 64bit Production
With the Partitioning, OLAP, Data Mining and Real Application Testing options
2020-07-23 15:32:57,055  INFO 14360 main com.firesoon.syn.factory.generate.GeneratorFactory:52 - 数据库结构初始化完毕
2020-07-23 15:32:57,226  INFO 14360 main com.firesoon.syn.factory.generate.impl.OracleSqlGenerator:111 - 库hs已存在，无需再次创建
2020-07-23 15:32:57,310  INFO 14360 main com.firesoon.syn.factory.analyse.AnalyserFactory:29 - 开始构造数据库结构分析，数据库类型：Oracle，版本：Oracle Database 11g Enterprise Edition Release 11.2.0.4.0 - 64bit Production
With the Partitioning, OLAP, Data Mining and Real Application Testing options
2020-07-23 15:32:57,311  INFO 14360 main com.firesoon.syn.factory.analyse.AnalyserFactory:43 - 数据库结构分析构造完毕
2020-07-23 15:32:57,314  INFO 14360 main com.firesoon.syn.factory.analyse.impl.OracleSqlAnalyser:77 - 开始读取数据库表结构定义，数据库名：null，模式：
2020-07-23 15:32:57,314  INFO 14360 main com.firesoon.syn.factory.analyse.impl.OracleSqlAnalyser:79 - 开始读取表信息
2020-07-23 15:32:57,316  INFO 14360 main com.firesoon.syn.factory.analyse.impl.OracleSqlAnalyser:81 - 获取到0条表信息
2020-07-23 15:32:57,317  INFO 14360 main com.firesoon.syn.factory.analyse.impl.OracleSqlAnalyser:84 - 开始处理表信息
2020-07-23 15:32:57,317  INFO 14360 main com.firesoon.syn.factory.analyse.impl.OracleSqlAnalyser:90 - 表信息处理完成
2020-07-23 15:32:57,317  INFO 14360 main com.firesoon.syn.factory.analyse.impl.OracleSqlAnalyser:93 - 开始读取列信息
2020-07-23 15:32:57,357  INFO 14360 main com.firesoon.syn.factory.analyse.impl.OracleSqlAnalyser:96 - 获取到0条列信息
2020-07-23 15:32:57,357  INFO 14360 main com.firesoon.syn.factory.analyse.impl.OracleSqlAnalyser:98 - 开始归并列至所属表
2020-07-23 15:32:57,357  INFO 14360 main com.firesoon.syn.factory.analyse.impl.OracleSqlAnalyser:117 - 归并列至所属表完成
2020-07-23 15:32:57,357  INFO 14360 main com.firesoon.syn.factory.analyse.impl.OracleSqlAnalyser:119 - 开始获取主键信息
2020-07-23 15:32:57,487  INFO 14360 main com.firesoon.syn.factory.analyse.impl.OracleSqlAnalyser:121 - 主键信息获取完成
2020-07-23 15:32:57,488  INFO 14360 main com.firesoon.syn.factory.analyse.impl.OracleSqlAnalyser:123 - 开始归并主键信息
2020-07-23 15:32:57,488  INFO 14360 main com.firesoon.syn.factory.analyse.impl.OracleSqlAnalyser:125 - 主键信息归并完成
2020-07-23 15:32:57,488  INFO 14360 main com.firesoon.syn.factory.analyse.impl.OracleSqlAnalyser:127 - 数据库表结构定义读取完毕，共读取到0条表信息
2020-07-23 15:32:57,671  INFO 14360 main com.firesoon.syn.factory.generate.impl.OracleSqlGenerator:143 - 表dtproperties创建成功
2020-07-23 15:32:57,685  INFO 14360 main com.firesoon.syn.factory.generate.impl.OracleSqlGenerator:143 - 表firesoon_drgs_diagnoseinfo_cy创建成功
2020-07-23 15:32:57,699  INFO 14360 main com.firesoon.syn.factory.generate.impl.OracleSqlGenerator:143 - 表patientinfo_puab_test创建成功
2020-07-23 15:32:57,720  INFO 14360 main com.firesoon.syn.factory.generate.impl.OracleSqlGenerator:143 - 表table1创建成功
2020-07-23 15:32:57,782  INFO 14360 main com.firesoon.syn.factory.generate.impl.OracleSqlGenerator:143 - 表table2创建成功
2020-07-23 15:32:57,783  INFO 14360 main com.firesoon.syn.Transfer:126 - 目标数据库结构构造完成
2020-07-23 15:33:45,390  INFO 7696 main com.firesoon.syn.OracleSqlGenerate:55 - 连接源数据库，进行指定表结构的解析
2020-07-23 15:33:45,701  INFO 7696 main com.firesoon.syn.factory.analyse.AnalyserFactory:29 - 开始构造数据库结构分析，数据库类型：Microsoft SQL Server，版本：8.00.2039
2020-07-23 15:33:45,703  INFO 7696 main com.firesoon.syn.factory.analyse.AnalyserFactory:43 - 数据库结构分析构造完毕
2020-07-23 15:33:45,704  INFO 7696 main com.firesoon.syn.factory.analyse.impl.SqlServerSqlAnalyser:77 - 开始读取数据库表结构定义，数据库名：HS，模式：
2020-07-23 15:33:45,704  INFO 7696 main com.firesoon.syn.factory.analyse.impl.SqlServerSqlAnalyser:79 - 开始读取表信息
2020-07-23 15:33:45,776  INFO 7696 main com.firesoon.syn.factory.analyse.impl.SqlServerSqlAnalyser:81 - 获取到5条表信息
2020-07-23 15:33:45,777  INFO 7696 main com.firesoon.syn.factory.analyse.impl.SqlServerSqlAnalyser:84 - 开始处理表信息
2020-07-23 15:33:45,777  INFO 7696 main com.firesoon.syn.factory.analyse.impl.SqlServerSqlAnalyser:90 - 表信息处理完成
2020-07-23 15:33:45,777  INFO 7696 main com.firesoon.syn.factory.analyse.impl.SqlServerSqlAnalyser:93 - 开始读取列信息
2020-07-23 15:33:45,796  INFO 7696 main com.firesoon.syn.factory.analyse.impl.SqlServerSqlAnalyser:96 - 获取到28条列信息
2020-07-23 15:33:45,796  INFO 7696 main com.firesoon.syn.factory.analyse.impl.SqlServerSqlAnalyser:98 - 开始归并列至所属表
2020-07-23 15:33:45,797  INFO 7696 main com.firesoon.syn.factory.analyse.impl.SqlServerSqlAnalyser:117 - 归并列至所属表完成
2020-07-23 15:33:45,797  INFO 7696 main com.firesoon.syn.factory.analyse.impl.SqlServerSqlAnalyser:119 - 开始获取主键信息
2020-07-23 15:33:45,800  INFO 7696 main com.firesoon.syn.factory.analyse.impl.SqlServerSqlAnalyser:121 - 主键信息获取完成
2020-07-23 15:33:45,800  INFO 7696 main com.firesoon.syn.factory.analyse.impl.SqlServerSqlAnalyser:123 - 开始归并主键信息
2020-07-23 15:33:45,801  INFO 7696 main com.firesoon.syn.factory.analyse.impl.SqlServerSqlAnalyser:125 - 主键信息归并完成
2020-07-23 15:33:45,801  INFO 7696 main com.firesoon.syn.factory.analyse.impl.SqlServerSqlAnalyser:127 - 数据库表结构定义读取完毕，共读取到5条表信息
2020-07-23 15:33:45,801  INFO 7696 main com.firesoon.syn.OracleSqlGenerate:59 - 连接目标数据库，进行指定表结构的解析
2020-07-23 15:33:48,182  INFO 7696 main com.firesoon.syn.factory.analyse.AnalyserFactory:29 - 开始构造数据库结构分析，数据库类型：Oracle，版本：Oracle Database 11g Enterprise Edition Release 11.2.0.4.0 - 64bit Production
With the Partitioning, OLAP, Data Mining and Real Application Testing options
2020-07-23 15:33:48,183  INFO 7696 main com.firesoon.syn.factory.analyse.AnalyserFactory:43 - 数据库结构分析构造完毕
2020-07-23 15:33:48,336  INFO 7696 main com.firesoon.syn.factory.analyse.impl.OracleSqlAnalyser:77 - 开始读取数据库表结构定义，数据库名：null，模式：
2020-07-23 15:33:48,336  INFO 7696 main com.firesoon.syn.factory.analyse.impl.OracleSqlAnalyser:79 - 开始读取表信息
2020-07-23 15:33:48,339  INFO 7696 main com.firesoon.syn.factory.analyse.impl.OracleSqlAnalyser:81 - 获取到5条表信息
2020-07-23 15:33:48,339  INFO 7696 main com.firesoon.syn.factory.analyse.impl.OracleSqlAnalyser:84 - 开始处理表信息
2020-07-23 15:33:48,339  INFO 7696 main com.firesoon.syn.factory.analyse.impl.OracleSqlAnalyser:90 - 表信息处理完成
2020-07-23 15:33:48,339  INFO 7696 main com.firesoon.syn.factory.analyse.impl.OracleSqlAnalyser:93 - 开始读取列信息
2020-07-23 15:33:48,421  INFO 7696 main com.firesoon.syn.factory.analyse.impl.OracleSqlAnalyser:96 - 获取到28条列信息
2020-07-23 15:33:48,421  INFO 7696 main com.firesoon.syn.factory.analyse.impl.OracleSqlAnalyser:98 - 开始归并列至所属表
2020-07-23 15:33:48,421  INFO 7696 main com.firesoon.syn.factory.analyse.impl.OracleSqlAnalyser:117 - 归并列至所属表完成
2020-07-23 15:33:48,421  INFO 7696 main com.firesoon.syn.factory.analyse.impl.OracleSqlAnalyser:119 - 开始获取主键信息
2020-07-23 15:33:48,544  INFO 7696 main com.firesoon.syn.factory.analyse.impl.OracleSqlAnalyser:121 - 主键信息获取完成
2020-07-23 15:33:48,544  INFO 7696 main com.firesoon.syn.factory.analyse.impl.OracleSqlAnalyser:123 - 开始归并主键信息
2020-07-23 15:33:48,544  INFO 7696 main com.firesoon.syn.factory.analyse.impl.OracleSqlAnalyser:125 - 主键信息归并完成
2020-07-23 15:33:48,544  INFO 7696 main com.firesoon.syn.factory.analyse.impl.OracleSqlAnalyser:127 - 数据库表结构定义读取完毕，共读取到5条表信息
2020-07-23 15:33:48,545  INFO 7696 main com.firesoon.syn.OracleSqlGenerate:63 - 源数据库和目标数据库指定表结构结构定义获取完毕
2020-07-23 15:33:48,545  INFO 7696 main com.firesoon.syn.OracleSqlGenerate:64 - 将源数据库指定表进型数据类型的转化
2020-07-23 15:33:48,611  INFO 7696 main com.firesoon.syn.OracleSqlGenerate:70 - 目标数据库指定表类型转换完成
2020-07-23 15:33:48,611  INFO 7696 main com.firesoon.syn.OracleSqlGenerate:217 - 数据表结构没有发生变化
2020-07-23 15:35:59,346  INFO 8816 main com.firesoon.syn.OracleSqlGenerate:96 - 连接源数据库，进行指定表结构的解析
2020-07-23 15:35:59,658  INFO 8816 main com.firesoon.syn.factory.analyse.AnalyserFactory:29 - 开始构造数据库结构分析，数据库类型：Microsoft SQL Server，版本：8.00.2039
2020-07-23 15:35:59,659  INFO 8816 main com.firesoon.syn.factory.analyse.AnalyserFactory:43 - 数据库结构分析构造完毕
2020-07-23 15:35:59,661  INFO 8816 main com.firesoon.syn.factory.analyse.impl.SqlServerSqlAnalyser:77 - 开始读取数据库表结构定义，数据库名：HS，模式：
2020-07-23 15:35:59,661  INFO 8816 main com.firesoon.syn.factory.analyse.impl.SqlServerSqlAnalyser:79 - 开始读取表信息
2020-07-23 15:35:59,736  INFO 8816 main com.firesoon.syn.factory.analyse.impl.SqlServerSqlAnalyser:81 - 获取到5条表信息
2020-07-23 15:35:59,736  INFO 8816 main com.firesoon.syn.factory.analyse.impl.SqlServerSqlAnalyser:84 - 开始处理表信息
2020-07-23 15:35:59,737  INFO 8816 main com.firesoon.syn.factory.analyse.impl.SqlServerSqlAnalyser:90 - 表信息处理完成
2020-07-23 15:35:59,737  INFO 8816 main com.firesoon.syn.factory.analyse.impl.SqlServerSqlAnalyser:93 - 开始读取列信息
2020-07-23 15:35:59,753  INFO 8816 main com.firesoon.syn.factory.analyse.impl.SqlServerSqlAnalyser:96 - 获取到28条列信息
2020-07-23 15:35:59,754  INFO 8816 main com.firesoon.syn.factory.analyse.impl.SqlServerSqlAnalyser:98 - 开始归并列至所属表
2020-07-23 15:35:59,754  INFO 8816 main com.firesoon.syn.factory.analyse.impl.SqlServerSqlAnalyser:117 - 归并列至所属表完成
2020-07-23 15:35:59,754  INFO 8816 main com.firesoon.syn.factory.analyse.impl.SqlServerSqlAnalyser:119 - 开始获取主键信息
2020-07-23 15:35:59,757  INFO 8816 main com.firesoon.syn.factory.analyse.impl.SqlServerSqlAnalyser:121 - 主键信息获取完成
2020-07-23 15:35:59,757  INFO 8816 main com.firesoon.syn.factory.analyse.impl.SqlServerSqlAnalyser:123 - 开始归并主键信息
2020-07-23 15:35:59,757  INFO 8816 main com.firesoon.syn.factory.analyse.impl.SqlServerSqlAnalyser:125 - 主键信息归并完成
2020-07-23 15:35:59,758  INFO 8816 main com.firesoon.syn.factory.analyse.impl.SqlServerSqlAnalyser:127 - 数据库表结构定义读取完毕，共读取到5条表信息
2020-07-23 15:35:59,758  INFO 8816 main com.firesoon.syn.OracleSqlGenerate:100 - 连接目标数据库，进行指定表结构的解析
2020-07-23 15:36:01,742  INFO 8816 main com.firesoon.syn.factory.analyse.AnalyserFactory:29 - 开始构造数据库结构分析，数据库类型：Oracle，版本：Oracle Database 11g Enterprise Edition Release 11.2.0.4.0 - 64bit Production
With the Partitioning, OLAP, Data Mining and Real Application Testing options
2020-07-23 15:36:01,743  INFO 8816 main com.firesoon.syn.factory.analyse.AnalyserFactory:43 - 数据库结构分析构造完毕
2020-07-23 15:36:01,899  INFO 8816 main com.firesoon.syn.factory.analyse.impl.OracleSqlAnalyser:77 - 开始读取数据库表结构定义，数据库名：null，模式：
2020-07-23 15:36:01,899  INFO 8816 main com.firesoon.syn.factory.analyse.impl.OracleSqlAnalyser:79 - 开始读取表信息
2020-07-23 15:36:01,902  INFO 8816 main com.firesoon.syn.factory.analyse.impl.OracleSqlAnalyser:81 - 获取到5条表信息
2020-07-23 15:36:01,903  INFO 8816 main com.firesoon.syn.factory.analyse.impl.OracleSqlAnalyser:84 - 开始处理表信息
2020-07-23 15:36:01,903  INFO 8816 main com.firesoon.syn.factory.analyse.impl.OracleSqlAnalyser:90 - 表信息处理完成
2020-07-23 15:36:01,903  INFO 8816 main com.firesoon.syn.factory.analyse.impl.OracleSqlAnalyser:93 - 开始读取列信息
2020-07-23 15:36:01,981  INFO 8816 main com.firesoon.syn.factory.analyse.impl.OracleSqlAnalyser:96 - 获取到28条列信息
2020-07-23 15:36:01,981  INFO 8816 main com.firesoon.syn.factory.analyse.impl.OracleSqlAnalyser:98 - 开始归并列至所属表
2020-07-23 15:36:01,981  INFO 8816 main com.firesoon.syn.factory.analyse.impl.OracleSqlAnalyser:117 - 归并列至所属表完成
2020-07-23 15:36:01,982  INFO 8816 main com.firesoon.syn.factory.analyse.impl.OracleSqlAnalyser:119 - 开始获取主键信息
2020-07-23 15:36:02,106  INFO 8816 main com.firesoon.syn.factory.analyse.impl.OracleSqlAnalyser:121 - 主键信息获取完成
2020-07-23 15:36:02,107  INFO 8816 main com.firesoon.syn.factory.analyse.impl.OracleSqlAnalyser:123 - 开始归并主键信息
2020-07-23 15:36:02,107  INFO 8816 main com.firesoon.syn.factory.analyse.impl.OracleSqlAnalyser:125 - 主键信息归并完成
2020-07-23 15:36:02,107  INFO 8816 main com.firesoon.syn.factory.analyse.impl.OracleSqlAnalyser:127 - 数据库表结构定义读取完毕，共读取到5条表信息
2020-07-23 15:36:02,107  INFO 8816 main com.firesoon.syn.OracleSqlGenerate:104 - 源数据库和目标数据库指定表结构结构定义获取完毕
2020-07-23 15:36:02,107  INFO 8816 main com.firesoon.syn.OracleSqlGenerate:105 - 将源数据库指定表进型数据类型的转化
2020-07-23 15:36:02,223  INFO 8816 main com.firesoon.syn.OracleSqlGenerate:111 - 目标数据库指定表类型转换完成
2020-07-23 15:36:27,912  INFO 3400 main com.firesoon.syn.OracleSqlGenerate:96 - 连接源数据库，进行指定表结构的解析
2020-07-23 15:36:28,189  INFO 3400 main com.firesoon.syn.factory.analyse.AnalyserFactory:29 - 开始构造数据库结构分析，数据库类型：Microsoft SQL Server，版本：8.00.2039
2020-07-23 15:36:28,191  INFO 3400 main com.firesoon.syn.factory.analyse.AnalyserFactory:43 - 数据库结构分析构造完毕
2020-07-23 15:36:28,192  INFO 3400 main com.firesoon.syn.factory.analyse.impl.SqlServerSqlAnalyser:77 - 开始读取数据库表结构定义，数据库名：HS，模式：
2020-07-23 15:36:28,192  INFO 3400 main com.firesoon.syn.factory.analyse.impl.SqlServerSqlAnalyser:79 - 开始读取表信息
2020-07-23 15:36:28,254  INFO 3400 main com.firesoon.syn.factory.analyse.impl.SqlServerSqlAnalyser:81 - 获取到5条表信息
2020-07-23 15:36:28,254  INFO 3400 main com.firesoon.syn.factory.analyse.impl.SqlServerSqlAnalyser:84 - 开始处理表信息
2020-07-23 15:36:28,255  INFO 3400 main com.firesoon.syn.factory.analyse.impl.SqlServerSqlAnalyser:90 - 表信息处理完成
2020-07-23 15:36:28,255  INFO 3400 main com.firesoon.syn.factory.analyse.impl.SqlServerSqlAnalyser:93 - 开始读取列信息
2020-07-23 15:36:28,271  INFO 3400 main com.firesoon.syn.factory.analyse.impl.SqlServerSqlAnalyser:96 - 获取到28条列信息
2020-07-23 15:36:28,271  INFO 3400 main com.firesoon.syn.factory.analyse.impl.SqlServerSqlAnalyser:98 - 开始归并列至所属表
2020-07-23 15:36:28,271  INFO 3400 main com.firesoon.syn.factory.analyse.impl.SqlServerSqlAnalyser:117 - 归并列至所属表完成
2020-07-23 15:36:28,272  INFO 3400 main com.firesoon.syn.factory.analyse.impl.SqlServerSqlAnalyser:119 - 开始获取主键信息
2020-07-23 15:36:28,274  INFO 3400 main com.firesoon.syn.factory.analyse.impl.SqlServerSqlAnalyser:121 - 主键信息获取完成
2020-07-23 15:36:28,275  INFO 3400 main com.firesoon.syn.factory.analyse.impl.SqlServerSqlAnalyser:123 - 开始归并主键信息
2020-07-23 15:36:28,276  INFO 3400 main com.firesoon.syn.factory.analyse.impl.SqlServerSqlAnalyser:125 - 主键信息归并完成
2020-07-23 15:36:28,276  INFO 3400 main com.firesoon.syn.factory.analyse.impl.SqlServerSqlAnalyser:127 - 数据库表结构定义读取完毕，共读取到5条表信息
2020-07-23 15:36:28,276  INFO 3400 main com.firesoon.syn.OracleSqlGenerate:100 - 连接目标数据库，进行指定表结构的解析
2020-07-23 15:36:31,114  INFO 3400 main com.firesoon.syn.factory.analyse.AnalyserFactory:29 - 开始构造数据库结构分析，数据库类型：Oracle，版本：Oracle Database 11g Enterprise Edition Release 11.2.0.4.0 - 64bit Production
With the Partitioning, OLAP, Data Mining and Real Application Testing options
2020-07-23 15:36:31,115  INFO 3400 main com.firesoon.syn.factory.analyse.AnalyserFactory:43 - 数据库结构分析构造完毕
2020-07-23 15:36:31,370  INFO 3400 main com.firesoon.syn.factory.analyse.impl.OracleSqlAnalyser:77 - 开始读取数据库表结构定义，数据库名：null，模式：
2020-07-23 15:36:31,370  INFO 3400 main com.firesoon.syn.factory.analyse.impl.OracleSqlAnalyser:79 - 开始读取表信息
2020-07-23 15:36:31,374  INFO 3400 main com.firesoon.syn.factory.analyse.impl.OracleSqlAnalyser:81 - 获取到5条表信息
2020-07-23 15:36:31,374  INFO 3400 main com.firesoon.syn.factory.analyse.impl.OracleSqlAnalyser:84 - 开始处理表信息
2020-07-23 15:36:31,374  INFO 3400 main com.firesoon.syn.factory.analyse.impl.OracleSqlAnalyser:90 - 表信息处理完成
2020-07-23 15:36:31,375  INFO 3400 main com.firesoon.syn.factory.analyse.impl.OracleSqlAnalyser:93 - 开始读取列信息
2020-07-23 15:36:31,446  INFO 3400 main com.firesoon.syn.factory.analyse.impl.OracleSqlAnalyser:96 - 获取到28条列信息
2020-07-23 15:36:31,446  INFO 3400 main com.firesoon.syn.factory.analyse.impl.OracleSqlAnalyser:98 - 开始归并列至所属表
2020-07-23 15:36:31,446  INFO 3400 main com.firesoon.syn.factory.analyse.impl.OracleSqlAnalyser:117 - 归并列至所属表完成
2020-07-23 15:36:31,447  INFO 3400 main com.firesoon.syn.factory.analyse.impl.OracleSqlAnalyser:119 - 开始获取主键信息
2020-07-23 15:36:31,573  INFO 3400 main com.firesoon.syn.factory.analyse.impl.OracleSqlAnalyser:121 - 主键信息获取完成
2020-07-23 15:36:31,573  INFO 3400 main com.firesoon.syn.factory.analyse.impl.OracleSqlAnalyser:123 - 开始归并主键信息
2020-07-23 15:36:31,573  INFO 3400 main com.firesoon.syn.factory.analyse.impl.OracleSqlAnalyser:125 - 主键信息归并完成
2020-07-23 15:36:31,573  INFO 3400 main com.firesoon.syn.factory.analyse.impl.OracleSqlAnalyser:127 - 数据库表结构定义读取完毕，共读取到5条表信息
2020-07-23 15:36:31,574  INFO 3400 main com.firesoon.syn.OracleSqlGenerate:104 - 源数据库和目标数据库指定表结构结构定义获取完毕
2020-07-23 15:36:31,574  INFO 3400 main com.firesoon.syn.OracleSqlGenerate:105 - 将源数据库指定表进型数据类型的转化
2020-07-23 15:36:31,670  INFO 3400 main com.firesoon.syn.OracleSqlGenerate:111 - 目标数据库指定表类型转换完成
2020-07-23 15:37:03,793  INFO 6392 main com.firesoon.syn.OracleSqlGenerate:96 - 连接源数据库，进行指定表结构的解析
2020-07-23 15:37:04,105  INFO 6392 main com.firesoon.syn.factory.analyse.AnalyserFactory:29 - 开始构造数据库结构分析，数据库类型：Microsoft SQL Server，版本：8.00.2039
2020-07-23 15:37:04,106  INFO 6392 main com.firesoon.syn.factory.analyse.AnalyserFactory:43 - 数据库结构分析构造完毕
2020-07-23 15:37:04,107  INFO 6392 main com.firesoon.syn.factory.analyse.impl.SqlServerSqlAnalyser:77 - 开始读取数据库表结构定义，数据库名：HS，模式：
2020-07-23 15:37:04,108  INFO 6392 main com.firesoon.syn.factory.analyse.impl.SqlServerSqlAnalyser:79 - 开始读取表信息
2020-07-23 15:37:04,172  INFO 6392 main com.firesoon.syn.factory.analyse.impl.SqlServerSqlAnalyser:81 - 获取到5条表信息
2020-07-23 15:37:04,173  INFO 6392 main com.firesoon.syn.factory.analyse.impl.SqlServerSqlAnalyser:84 - 开始处理表信息
2020-07-23 15:37:04,173  INFO 6392 main com.firesoon.syn.factory.analyse.impl.SqlServerSqlAnalyser:90 - 表信息处理完成
2020-07-23 15:37:04,173  INFO 6392 main com.firesoon.syn.factory.analyse.impl.SqlServerSqlAnalyser:93 - 开始读取列信息
2020-07-23 15:37:04,191  INFO 6392 main com.firesoon.syn.factory.analyse.impl.SqlServerSqlAnalyser:96 - 获取到28条列信息
2020-07-23 15:37:04,191  INFO 6392 main com.firesoon.syn.factory.analyse.impl.SqlServerSqlAnalyser:98 - 开始归并列至所属表
2020-07-23 15:37:04,191  INFO 6392 main com.firesoon.syn.factory.analyse.impl.SqlServerSqlAnalyser:117 - 归并列至所属表完成
2020-07-23 15:37:04,192  INFO 6392 main com.firesoon.syn.factory.analyse.impl.SqlServerSqlAnalyser:119 - 开始获取主键信息
2020-07-23 15:37:04,194  INFO 6392 main com.firesoon.syn.factory.analyse.impl.SqlServerSqlAnalyser:121 - 主键信息获取完成
2020-07-23 15:37:04,194  INFO 6392 main com.firesoon.syn.factory.analyse.impl.SqlServerSqlAnalyser:123 - 开始归并主键信息
2020-07-23 15:37:04,194  INFO 6392 main com.firesoon.syn.factory.analyse.impl.SqlServerSqlAnalyser:125 - 主键信息归并完成
2020-07-23 15:37:04,194  INFO 6392 main com.firesoon.syn.factory.analyse.impl.SqlServerSqlAnalyser:127 - 数据库表结构定义读取完毕，共读取到5条表信息
2020-07-23 15:37:04,195  INFO 6392 main com.firesoon.syn.OracleSqlGenerate:100 - 连接目标数据库，进行指定表结构的解析
2020-07-23 15:37:06,391  INFO 6392 main com.firesoon.syn.factory.analyse.AnalyserFactory:29 - 开始构造数据库结构分析，数据库类型：Oracle，版本：Oracle Database 11g Enterprise Edition Release 11.2.0.4.0 - 64bit Production
With the Partitioning, OLAP, Data Mining and Real Application Testing options
2020-07-23 15:37:06,392  INFO 6392 main com.firesoon.syn.factory.analyse.AnalyserFactory:43 - 数据库结构分析构造完毕
2020-07-23 15:37:06,595  INFO 6392 main com.firesoon.syn.factory.analyse.impl.OracleSqlAnalyser:77 - 开始读取数据库表结构定义，数据库名：null，模式：
2020-07-23 15:37:06,595  INFO 6392 main com.firesoon.syn.factory.analyse.impl.OracleSqlAnalyser:79 - 开始读取表信息
2020-07-23 15:37:06,600  INFO 6392 main com.firesoon.syn.factory.analyse.impl.OracleSqlAnalyser:81 - 获取到3条表信息
2020-07-23 15:37:06,600  INFO 6392 main com.firesoon.syn.factory.analyse.impl.OracleSqlAnalyser:84 - 开始处理表信息
2020-07-23 15:37:06,600  INFO 6392 main com.firesoon.syn.factory.analyse.impl.OracleSqlAnalyser:90 - 表信息处理完成
2020-07-23 15:37:06,600  INFO 6392 main com.firesoon.syn.factory.analyse.impl.OracleSqlAnalyser:93 - 开始读取列信息
2020-07-23 15:37:06,662  INFO 6392 main com.firesoon.syn.factory.analyse.impl.OracleSqlAnalyser:96 - 获取到11条列信息
2020-07-23 15:37:06,662  INFO 6392 main com.firesoon.syn.factory.analyse.impl.OracleSqlAnalyser:98 - 开始归并列至所属表
2020-07-23 15:37:06,664  INFO 6392 main com.firesoon.syn.factory.analyse.impl.OracleSqlAnalyser:117 - 归并列至所属表完成
2020-07-23 15:37:06,664  INFO 6392 main com.firesoon.syn.factory.analyse.impl.OracleSqlAnalyser:119 - 开始获取主键信息
2020-07-23 15:37:06,790  INFO 6392 main com.firesoon.syn.factory.analyse.impl.OracleSqlAnalyser:121 - 主键信息获取完成
2020-07-23 15:37:06,790  INFO 6392 main com.firesoon.syn.factory.analyse.impl.OracleSqlAnalyser:123 - 开始归并主键信息
2020-07-23 15:37:06,790  INFO 6392 main com.firesoon.syn.factory.analyse.impl.OracleSqlAnalyser:125 - 主键信息归并完成
2020-07-23 15:37:06,791  INFO 6392 main com.firesoon.syn.factory.analyse.impl.OracleSqlAnalyser:127 - 数据库表结构定义读取完毕，共读取到3条表信息
2020-07-23 15:37:06,791  INFO 6392 main com.firesoon.syn.OracleSqlGenerate:104 - 源数据库和目标数据库指定表结构结构定义获取完毕
2020-07-23 15:37:06,791  INFO 6392 main com.firesoon.syn.OracleSqlGenerate:105 - 将源数据库指定表进型数据类型的转化
2020-07-23 15:37:06,873  INFO 6392 main com.firesoon.syn.OracleSqlGenerate:111 - 目标数据库指定表类型转换完成
2020-07-23 15:37:06,874  INFO 6392 main com.firesoon.syn.OracleSqlGenerate:123 - 元素数据库不存在当前的表结构
2020-07-23 15:37:06,874  INFO 6392 main com.firesoon.syn.OracleSqlGenerate:130 - 生成指定表的建表语句
2020-07-23 15:37:51,619  INFO 2180 main com.firesoon.syn.OracleSqlGenerate:96 - 连接源数据库，进行指定表结构的解析
2020-07-23 15:37:57,303  INFO 2180 main com.firesoon.syn.factory.analyse.AnalyserFactory:29 - 开始构造数据库结构分析，数据库类型：Microsoft SQL Server，版本：8.00.2039
2020-07-23 15:37:57,305  INFO 2180 main com.firesoon.syn.factory.analyse.AnalyserFactory:43 - 数据库结构分析构造完毕
2020-07-23 15:37:57,307  INFO 2180 main com.firesoon.syn.factory.analyse.impl.SqlServerSqlAnalyser:77 - 开始读取数据库表结构定义，数据库名：HS，模式：
2020-07-23 15:37:57,307  INFO 2180 main com.firesoon.syn.factory.analyse.impl.SqlServerSqlAnalyser:79 - 开始读取表信息
2020-07-23 15:37:57,404  INFO 2180 main com.firesoon.syn.factory.analyse.impl.SqlServerSqlAnalyser:81 - 获取到5条表信息
2020-07-23 15:37:57,404  INFO 2180 main com.firesoon.syn.factory.analyse.impl.SqlServerSqlAnalyser:84 - 开始处理表信息
2020-07-23 15:37:57,404  INFO 2180 main com.firesoon.syn.factory.analyse.impl.SqlServerSqlAnalyser:90 - 表信息处理完成
2020-07-23 15:37:57,404  INFO 2180 main com.firesoon.syn.factory.analyse.impl.SqlServerSqlAnalyser:93 - 开始读取列信息
2020-07-23 15:37:57,423  INFO 2180 main com.firesoon.syn.factory.analyse.impl.SqlServerSqlAnalyser:96 - 获取到28条列信息
2020-07-23 15:37:57,424  INFO 2180 main com.firesoon.syn.factory.analyse.impl.SqlServerSqlAnalyser:98 - 开始归并列至所属表
2020-07-23 15:37:57,424  INFO 2180 main com.firesoon.syn.factory.analyse.impl.SqlServerSqlAnalyser:117 - 归并列至所属表完成
2020-07-23 15:37:57,424  INFO 2180 main com.firesoon.syn.factory.analyse.impl.SqlServerSqlAnalyser:119 - 开始获取主键信息
2020-07-23 15:37:57,427  INFO 2180 main com.firesoon.syn.factory.analyse.impl.SqlServerSqlAnalyser:121 - 主键信息获取完成
2020-07-23 15:37:57,428  INFO 2180 main com.firesoon.syn.factory.analyse.impl.SqlServerSqlAnalyser:123 - 开始归并主键信息
2020-07-23 15:37:57,428  INFO 2180 main com.firesoon.syn.factory.analyse.impl.SqlServerSqlAnalyser:125 - 主键信息归并完成
2020-07-23 15:37:57,428  INFO 2180 main com.firesoon.syn.factory.analyse.impl.SqlServerSqlAnalyser:127 - 数据库表结构定义读取完毕，共读取到5条表信息
2020-07-23 15:37:57,428  INFO 2180 main com.firesoon.syn.OracleSqlGenerate:100 - 连接目标数据库，进行指定表结构的解析
2020-07-23 15:37:58,850  INFO 2180 main com.firesoon.syn.factory.analyse.AnalyserFactory:29 - 开始构造数据库结构分析，数据库类型：Oracle，版本：Oracle Database 11g Enterprise Edition Release 11.2.0.4.0 - 64bit Production
With the Partitioning, OLAP, Data Mining and Real Application Testing options
2020-07-23 15:37:58,851  INFO 2180 main com.firesoon.syn.factory.analyse.AnalyserFactory:43 - 数据库结构分析构造完毕
2020-07-23 15:37:59,083  INFO 2180 main com.firesoon.syn.factory.analyse.impl.OracleSqlAnalyser:77 - 开始读取数据库表结构定义，数据库名：null，模式：
2020-07-23 15:37:59,084  INFO 2180 main com.firesoon.syn.factory.analyse.impl.OracleSqlAnalyser:79 - 开始读取表信息
2020-07-23 15:37:59,088  INFO 2180 main com.firesoon.syn.factory.analyse.impl.OracleSqlAnalyser:81 - 获取到3条表信息
2020-07-23 15:37:59,088  INFO 2180 main com.firesoon.syn.factory.analyse.impl.OracleSqlAnalyser:84 - 开始处理表信息
2020-07-23 15:37:59,089  INFO 2180 main com.firesoon.syn.factory.analyse.impl.OracleSqlAnalyser:90 - 表信息处理完成
2020-07-23 15:37:59,089  INFO 2180 main com.firesoon.syn.factory.analyse.impl.OracleSqlAnalyser:93 - 开始读取列信息
2020-07-23 15:37:59,149  INFO 2180 main com.firesoon.syn.factory.analyse.impl.OracleSqlAnalyser:96 - 获取到11条列信息
2020-07-23 15:37:59,149  INFO 2180 main com.firesoon.syn.factory.analyse.impl.OracleSqlAnalyser:98 - 开始归并列至所属表
2020-07-23 15:37:59,149  INFO 2180 main com.firesoon.syn.factory.analyse.impl.OracleSqlAnalyser:117 - 归并列至所属表完成
2020-07-23 15:37:59,150  INFO 2180 main com.firesoon.syn.factory.analyse.impl.OracleSqlAnalyser:119 - 开始获取主键信息
2020-07-23 15:37:59,275  INFO 2180 main com.firesoon.syn.factory.analyse.impl.OracleSqlAnalyser:121 - 主键信息获取完成
2020-07-23 15:37:59,276  INFO 2180 main com.firesoon.syn.factory.analyse.impl.OracleSqlAnalyser:123 - 开始归并主键信息
2020-07-23 15:37:59,276  INFO 2180 main com.firesoon.syn.factory.analyse.impl.OracleSqlAnalyser:125 - 主键信息归并完成
2020-07-23 15:37:59,276  INFO 2180 main com.firesoon.syn.factory.analyse.impl.OracleSqlAnalyser:127 - 数据库表结构定义读取完毕，共读取到3条表信息
2020-07-23 15:37:59,277  INFO 2180 main com.firesoon.syn.OracleSqlGenerate:104 - 源数据库和目标数据库指定表结构结构定义获取完毕
2020-07-23 15:37:59,277  INFO 2180 main com.firesoon.syn.OracleSqlGenerate:105 - 将源数据库指定表进型数据类型的转化
2020-07-23 15:37:59,368  INFO 2180 main com.firesoon.syn.OracleSqlGenerate:111 - 目标数据库指定表类型转换完成
2020-07-23 15:38:52,730  INFO 2180 main com.firesoon.syn.OracleSqlGenerate:123 - 元素数据库不存在当前的表结构
2020-07-23 15:39:01,002  INFO 2180 main com.firesoon.syn.OracleSqlGenerate:130 - 生成指定表的建表语句
2020-07-23 15:42:27,059  INFO 9036 main com.firesoon.syn.OracleSqlGenerate:96 - 连接源数据库，进行指定表结构的解析
2020-07-23 15:42:27,385  INFO 9036 main com.firesoon.syn.factory.analyse.AnalyserFactory:29 - 开始构造数据库结构分析，数据库类型：Microsoft SQL Server，版本：8.00.2039
2020-07-23 15:42:27,387  INFO 9036 main com.firesoon.syn.factory.analyse.AnalyserFactory:43 - 数据库结构分析构造完毕
2020-07-23 15:42:27,389  INFO 9036 main com.firesoon.syn.factory.analyse.impl.SqlServerSqlAnalyser:77 - 开始读取数据库表结构定义，数据库名：HS，模式：
2020-07-23 15:42:27,389  INFO 9036 main com.firesoon.syn.factory.analyse.impl.SqlServerSqlAnalyser:79 - 开始读取表信息
2020-07-23 15:42:27,446  INFO 9036 main com.firesoon.syn.factory.analyse.impl.SqlServerSqlAnalyser:81 - 获取到5条表信息
2020-07-23 15:42:27,446  INFO 9036 main com.firesoon.syn.factory.analyse.impl.SqlServerSqlAnalyser:84 - 开始处理表信息
2020-07-23 15:42:27,446  INFO 9036 main com.firesoon.syn.factory.analyse.impl.SqlServerSqlAnalyser:90 - 表信息处理完成
2020-07-23 15:42:27,446  INFO 9036 main com.firesoon.syn.factory.analyse.impl.SqlServerSqlAnalyser:93 - 开始读取列信息
2020-07-23 15:42:27,461  INFO 9036 main com.firesoon.syn.factory.analyse.impl.SqlServerSqlAnalyser:96 - 获取到28条列信息
2020-07-23 15:42:27,461  INFO 9036 main com.firesoon.syn.factory.analyse.impl.SqlServerSqlAnalyser:98 - 开始归并列至所属表
2020-07-23 15:42:27,462  INFO 9036 main com.firesoon.syn.factory.analyse.impl.SqlServerSqlAnalyser:117 - 归并列至所属表完成
2020-07-23 15:42:27,462  INFO 9036 main com.firesoon.syn.factory.analyse.impl.SqlServerSqlAnalyser:119 - 开始获取主键信息
2020-07-23 15:42:27,465  INFO 9036 main com.firesoon.syn.factory.analyse.impl.SqlServerSqlAnalyser:121 - 主键信息获取完成
2020-07-23 15:42:27,465  INFO 9036 main com.firesoon.syn.factory.analyse.impl.SqlServerSqlAnalyser:123 - 开始归并主键信息
2020-07-23 15:42:27,465  INFO 9036 main com.firesoon.syn.factory.analyse.impl.SqlServerSqlAnalyser:125 - 主键信息归并完成
2020-07-23 15:42:27,465  INFO 9036 main com.firesoon.syn.factory.analyse.impl.SqlServerSqlAnalyser:127 - 数据库表结构定义读取完毕，共读取到5条表信息
2020-07-23 15:42:27,465  INFO 9036 main com.firesoon.syn.OracleSqlGenerate:100 - 连接目标数据库，进行指定表结构的解析
2020-07-23 15:42:28,964  INFO 9036 main com.firesoon.syn.factory.analyse.AnalyserFactory:29 - 开始构造数据库结构分析，数据库类型：Oracle，版本：Oracle Database 11g Enterprise Edition Release 11.2.0.4.0 - 64bit Production
With the Partitioning, OLAP, Data Mining and Real Application Testing options
2020-07-23 15:42:28,965  INFO 9036 main com.firesoon.syn.factory.analyse.AnalyserFactory:43 - 数据库结构分析构造完毕
2020-07-23 15:42:29,162  INFO 9036 main com.firesoon.syn.factory.analyse.impl.OracleSqlAnalyser:77 - 开始读取数据库表结构定义，数据库名：null，模式：
2020-07-23 15:42:29,162  INFO 9036 main com.firesoon.syn.factory.analyse.impl.OracleSqlAnalyser:79 - 开始读取表信息
2020-07-23 15:42:29,165  INFO 9036 main com.firesoon.syn.factory.analyse.impl.OracleSqlAnalyser:81 - 获取到3条表信息
2020-07-23 15:42:29,166  INFO 9036 main com.firesoon.syn.factory.analyse.impl.OracleSqlAnalyser:84 - 开始处理表信息
2020-07-23 15:42:29,166  INFO 9036 main com.firesoon.syn.factory.analyse.impl.OracleSqlAnalyser:90 - 表信息处理完成
2020-07-23 15:42:29,166  INFO 9036 main com.firesoon.syn.factory.analyse.impl.OracleSqlAnalyser:93 - 开始读取列信息
2020-07-23 15:42:29,226  INFO 9036 main com.firesoon.syn.factory.analyse.impl.OracleSqlAnalyser:96 - 获取到11条列信息
2020-07-23 15:42:29,226  INFO 9036 main com.firesoon.syn.factory.analyse.impl.OracleSqlAnalyser:98 - 开始归并列至所属表
2020-07-23 15:42:29,227  INFO 9036 main com.firesoon.syn.factory.analyse.impl.OracleSqlAnalyser:117 - 归并列至所属表完成
2020-07-23 15:42:29,227  INFO 9036 main com.firesoon.syn.factory.analyse.impl.OracleSqlAnalyser:119 - 开始获取主键信息
2020-07-23 15:42:29,354  INFO 9036 main com.firesoon.syn.factory.analyse.impl.OracleSqlAnalyser:121 - 主键信息获取完成
2020-07-23 15:42:29,354  INFO 9036 main com.firesoon.syn.factory.analyse.impl.OracleSqlAnalyser:123 - 开始归并主键信息
2020-07-23 15:42:29,354  INFO 9036 main com.firesoon.syn.factory.analyse.impl.OracleSqlAnalyser:125 - 主键信息归并完成
2020-07-23 15:42:29,355  INFO 9036 main com.firesoon.syn.factory.analyse.impl.OracleSqlAnalyser:127 - 数据库表结构定义读取完毕，共读取到3条表信息
2020-07-23 15:42:29,355  INFO 9036 main com.firesoon.syn.OracleSqlGenerate:104 - 源数据库和目标数据库指定表结构结构定义获取完毕
2020-07-23 15:42:29,355  INFO 9036 main com.firesoon.syn.OracleSqlGenerate:105 - 将源数据库指定表进型数据类型的转化
2020-07-23 15:42:29,440  INFO 9036 main com.firesoon.syn.OracleSqlGenerate:111 - 目标数据库指定表类型转换完成
2020-07-23 15:42:34,891  INFO 9036 main com.firesoon.syn.OracleSqlGenerate:123 - 元素数据库不存在当前的表结构
2020-07-23 15:42:42,482  INFO 9036 main com.firesoon.syn.OracleSqlGenerate:130 - 生成指定表的建表语句
2020-07-23 15:42:45,507  INFO 9036 main com.firesoon.syn.OracleSqlGenerate:123 - 元素数据库不存在当前的表结构
2020-07-23 15:42:46,962  INFO 9036 main com.firesoon.syn.OracleSqlGenerate:130 - 生成指定表的建表语句
