2020-07-29 17:14:03,768  INFO 24096 main com.firesoon.syn.OracleSqlGenerate:29 - 开始连接至源数据库
2020-07-29 17:14:35,222  INFO 24096 main com.firesoon.syn.OracleSqlGenerate:33 - 成功连接至源数据库
2020-07-29 17:15:36,896  INFO 24096 main com.firesoon.syn.factory.analyse.AnalyserFactory:29 - 开始构造数据库结构分析，数据库类型：Oracle，版本：Oracle Database 11g Enterprise Edition Release 11.2.0.4.0 - 64bit Production
With the Partitioning, OLAP, Data Mining and Real Application Testing options
2020-07-29 17:15:58,567  INFO 24096 main com.firesoon.syn.factory.analyse.AnalyserFactory:43 - 数据库结构分析构造完毕
2020-07-29 17:16:14,525  INFO 24096 main com.firesoon.syn.factory.analyse.impl.OracleSqlAnalyser:77 - 开始读取数据库表结构定义，数据库名：null，模式：
2020-07-29 17:16:15,103  INFO 24096 main com.firesoon.syn.factory.analyse.impl.OracleSqlAnalyser:79 - 开始读取表信息
2020-07-29 17:17:06,401  INFO 24096 main com.firesoon.syn.factory.analyse.impl.OracleSqlAnalyser:81 - 获取到41条表信息
2020-07-29 17:17:06,402  INFO 24096 main com.firesoon.syn.factory.analyse.impl.OracleSqlAnalyser:84 - 开始处理表信息
2020-07-29 17:17:06,402  INFO 24096 main com.firesoon.syn.factory.analyse.impl.OracleSqlAnalyser:90 - 表信息处理完成
2020-07-29 17:17:06,402  INFO 24096 main com.firesoon.syn.factory.analyse.impl.OracleSqlAnalyser:93 - 开始读取列信息
2020-07-29 17:17:07,459  WARN 24096 main com.firesoon.syn.factory.analyse.impl.OracleSqlAnalyser:149 - 发现重复字段定义，表名：wu，列名：id
2020-07-29 17:17:07,459  WARN 24096 main com.firesoon.syn.factory.analyse.impl.OracleSqlAnalyser:149 - 发现重复字段定义，表名：job_info，列名：id
2020-07-29 17:17:07,459  WARN 24096 main com.firesoon.syn.factory.analyse.impl.OracleSqlAnalyser:149 - 发现重复字段定义，表名：job_info，列名：id
2020-07-29 17:17:07,460  WARN 24096 main com.firesoon.syn.factory.analyse.impl.OracleSqlAnalyser:149 - 发现重复字段定义，表名：job_info，列名：id
2020-07-29 17:17:07,460  WARN 24096 main com.firesoon.syn.factory.analyse.impl.OracleSqlAnalyser:149 - 发现重复字段定义，表名：dim_hosp_comm_org_d，列名：staffcode
2020-07-29 17:17:07,460  WARN 24096 main com.firesoon.syn.factory.analyse.impl.OracleSqlAnalyser:149 - 发现重复字段定义，表名：dim_hosp_comm_org，列名：staffcode
2020-07-29 17:17:07,460  WARN 24096 main com.firesoon.syn.factory.analyse.impl.OracleSqlAnalyser:149 - 发现重复字段定义，表名：common_range_1，列名：class
2020-07-29 17:17:07,461  WARN 24096 main com.firesoon.syn.factory.analyse.impl.OracleSqlAnalyser:149 - 发现重复字段定义，表名：job_info_1，列名：id
2020-07-29 17:17:07,461  WARN 24096 main com.firesoon.syn.factory.analyse.impl.OracleSqlAnalyser:149 - 发现重复字段定义，表名：job_info_1，列名：id
2020-07-29 17:17:07,461  WARN 24096 main com.firesoon.syn.factory.analyse.impl.OracleSqlAnalyser:149 - 发现重复字段定义，表名：task_copy，列名：id
2020-07-29 17:17:07,461  WARN 24096 main com.firesoon.syn.factory.analyse.impl.OracleSqlAnalyser:149 - 发现重复字段定义，表名：task，列名：id
2020-07-29 17:17:07,461  WARN 24096 main com.firesoon.syn.factory.analyse.impl.OracleSqlAnalyser:149 - 发现重复字段定义，表名：executetask，列名：id
2020-07-29 17:17:07,462  WARN 24096 main com.firesoon.syn.factory.analyse.impl.OracleSqlAnalyser:149 - 发现重复字段定义，表名：datasource，列名：id
2020-07-29 17:17:07,462  WARN 24096 main com.firesoon.syn.factory.analyse.impl.OracleSqlAnalyser:149 - 发现重复字段定义，表名：test，列名：id
2020-07-29 17:17:07,462  WARN 24096 main com.firesoon.syn.factory.analyse.impl.OracleSqlAnalyser:149 - 发现重复字段定义，表名：test，列名：name
2020-07-29 17:17:07,462  WARN 24096 main com.firesoon.syn.factory.analyse.impl.OracleSqlAnalyser:149 - 发现重复字段定义，表名：job_info，列名：job_group
2020-07-29 17:17:07,462  WARN 24096 main com.firesoon.syn.factory.analyse.impl.OracleSqlAnalyser:149 - 发现重复字段定义，表名：job_info，列名：job_group
2020-07-29 17:17:07,462  WARN 24096 main com.firesoon.syn.factory.analyse.impl.OracleSqlAnalyser:149 - 发现重复字段定义，表名：common_range_1，列名：code
2020-07-29 17:17:07,463  WARN 24096 main com.firesoon.syn.factory.analyse.impl.OracleSqlAnalyser:149 - 发现重复字段定义，表名：job_info_1，列名：job_group
2020-07-29 17:17:07,463  WARN 24096 main com.firesoon.syn.factory.analyse.impl.OracleSqlAnalyser:149 - 发现重复字段定义，表名：job_info，列名：job_cron
2020-07-29 17:17:07,463  WARN 24096 main com.firesoon.syn.factory.analyse.impl.OracleSqlAnalyser:149 - 发现重复字段定义，表名：job_info，列名：job_cron
2020-07-29 17:17:07,463  WARN 24096 main com.firesoon.syn.factory.analyse.impl.OracleSqlAnalyser:149 - 发现重复字段定义，表名：job_info_1，列名：job_cron
2020-07-29 17:17:07,464  WARN 24096 main com.firesoon.syn.factory.analyse.impl.OracleSqlAnalyser:149 - 发现重复字段定义，表名：job_info，列名：job_desc
2020-07-29 17:17:07,464  WARN 24096 main com.firesoon.syn.factory.analyse.impl.OracleSqlAnalyser:149 - 发现重复字段定义，表名：job_info，列名：job_desc
2020-07-29 17:17:07,465  WARN 24096 main com.firesoon.syn.factory.analyse.impl.OracleSqlAnalyser:149 - 发现重复字段定义，表名：job_info_1，列名：job_desc
2020-07-29 17:17:07,465  WARN 24096 main com.firesoon.syn.factory.analyse.impl.OracleSqlAnalyser:149 - 发现重复字段定义，表名：job_info，列名：executor_timeout
2020-07-29 17:17:07,465  WARN 24096 main com.firesoon.syn.factory.analyse.impl.OracleSqlAnalyser:149 - 发现重复字段定义，表名：job_info，列名：executor_timeout
2020-07-29 17:17:07,465  WARN 24096 main com.firesoon.syn.factory.analyse.impl.OracleSqlAnalyser:149 - 发现重复字段定义，表名：job_info_1，列名：executor_timeout
2020-07-29 17:17:07,466  WARN 24096 main com.firesoon.syn.factory.analyse.impl.OracleSqlAnalyser:149 - 发现重复字段定义，表名：job_info，列名：executor_fail_retry_count
2020-07-29 17:17:07,466  WARN 24096 main com.firesoon.syn.factory.analyse.impl.OracleSqlAnalyser:149 - 发现重复字段定义，表名：job_info，列名：executor_fail_retry_count
2020-07-29 17:17:07,466  WARN 24096 main com.firesoon.syn.factory.analyse.impl.OracleSqlAnalyser:149 - 发现重复字段定义，表名：job_info_1，列名：executor_fail_retry_count
2020-07-29 17:17:07,467  WARN 24096 main com.firesoon.syn.factory.analyse.impl.OracleSqlAnalyser:149 - 发现重复字段定义，表名：job_info，列名：glue_type
2020-07-29 17:17:07,467  WARN 24096 main com.firesoon.syn.factory.analyse.impl.OracleSqlAnalyser:149 - 发现重复字段定义，表名：job_info，列名：glue_type
2020-07-29 17:17:07,468  WARN 24096 main com.firesoon.syn.factory.analyse.impl.OracleSqlAnalyser:149 - 发现重复字段定义，表名：job_info_1，列名：glue_type
2020-07-29 17:17:07,468  WARN 24096 main com.firesoon.syn.factory.analyse.impl.OracleSqlAnalyser:149 - 发现重复字段定义，表名：job_info，列名：trigger_status
2020-07-29 17:17:07,469  WARN 24096 main com.firesoon.syn.factory.analyse.impl.OracleSqlAnalyser:149 - 发现重复字段定义，表名：job_info，列名：trigger_status
2020-07-29 17:17:07,469  WARN 24096 main com.firesoon.syn.factory.analyse.impl.OracleSqlAnalyser:149 - 发现重复字段定义，表名：job_info_1，列名：trigger_status
2020-07-29 17:17:07,470  WARN 24096 main com.firesoon.syn.factory.analyse.impl.OracleSqlAnalyser:149 - 发现重复字段定义，表名：job_info，列名：trigger_last_time
2020-07-29 17:17:07,470  WARN 24096 main com.firesoon.syn.factory.analyse.impl.OracleSqlAnalyser:149 - 发现重复字段定义，表名：job_info，列名：trigger_last_time
2020-07-29 17:17:07,471  WARN 24096 main com.firesoon.syn.factory.analyse.impl.OracleSqlAnalyser:149 - 发现重复字段定义，表名：job_info_1，列名：trigger_last_time
2020-07-29 17:17:07,471  WARN 24096 main com.firesoon.syn.factory.analyse.impl.OracleSqlAnalyser:149 - 发现重复字段定义，表名：job_info，列名：trigger_next_time
2020-07-29 17:17:07,471  WARN 24096 main com.firesoon.syn.factory.analyse.impl.OracleSqlAnalyser:149 - 发现重复字段定义，表名：job_info，列名：trigger_next_time
2020-07-29 17:17:07,472  WARN 24096 main com.firesoon.syn.factory.analyse.impl.OracleSqlAnalyser:149 - 发现重复字段定义，表名：job_info_1，列名：trigger_next_time
2020-07-29 17:17:07,473  INFO 24096 main com.firesoon.syn.factory.analyse.impl.OracleSqlAnalyser:96 - 获取到453条列信息
2020-07-29 17:17:07,473  INFO 24096 main com.firesoon.syn.factory.analyse.impl.OracleSqlAnalyser:98 - 开始归并列至所属表
2020-07-29 17:17:07,475  INFO 24096 main com.firesoon.syn.factory.analyse.impl.OracleSqlAnalyser:117 - 归并列至所属表完成
2020-07-29 17:17:07,475  INFO 24096 main com.firesoon.syn.factory.analyse.impl.OracleSqlAnalyser:119 - 开始获取主键信息
2020-07-29 17:17:07,582  INFO 24096 main com.firesoon.syn.factory.analyse.impl.OracleSqlAnalyser:121 - 主键信息获取完成
2020-07-29 17:17:07,582  INFO 24096 main com.firesoon.syn.factory.analyse.impl.OracleSqlAnalyser:123 - 开始归并主键信息
2020-07-29 17:17:07,582  INFO 24096 main com.firesoon.syn.factory.analyse.impl.OracleSqlAnalyser:125 - 主键信息归并完成
2020-07-29 17:17:07,582  INFO 24096 main com.firesoon.syn.factory.analyse.impl.OracleSqlAnalyser:127 - 数据库表结构定义读取完毕，共读取到43条表信息
2020-07-29 17:17:35,195  INFO 24096 main com.firesoon.syn.OracleSqlGenerate:36 - 源数据库指定表结构结构定义获取完毕
2020-07-29 17:17:37,718  INFO 24096 main com.firesoon.syn.OracleSqlGenerate:37 - 开始转换为目标数据库类型
2020-07-29 17:17:41,765  INFO 24096 main com.firesoon.syn.OracleSqlGenerate:42 - 开始转换为目标数据库类型
2020-07-29 17:17:44,541  INFO 24096 main com.firesoon.syn.OracleSqlGenerate:44 - 目标数据库指定表类型转换完成
2020-07-29 18:06:14,865  INFO 26644 main com.firesoon.syn.OracleSqlGenerate:29 - 开始连接至源数据库
2020-07-29 18:06:17,489  INFO 26644 main com.firesoon.syn.OracleSqlGenerate:33 - 成功连接至源数据库
2020-07-29 18:06:17,492  INFO 26644 main com.firesoon.syn.factory.analyse.AnalyserFactory:29 - 开始构造数据库结构分析，数据库类型：Oracle，版本：Oracle Database 11g Enterprise Edition Release 11.2.0.4.0 - 64bit Production
With the Partitioning, OLAP, Data Mining and Real Application Testing options
2020-07-29 18:06:17,493  INFO 26644 main com.firesoon.syn.factory.analyse.AnalyserFactory:43 - 数据库结构分析构造完毕
2020-07-29 18:06:17,704  INFO 26644 main com.firesoon.syn.factory.analyse.impl.OracleSqlAnalyser:77 - 开始读取数据库表结构定义，数据库名：null，模式：
2020-07-29 18:06:17,704  INFO 26644 main com.firesoon.syn.factory.analyse.impl.OracleSqlAnalyser:79 - 开始读取表信息
2020-07-29 18:06:17,713  INFO 26644 main com.firesoon.syn.factory.analyse.impl.OracleSqlAnalyser:81 - 获取到41条表信息
2020-07-29 18:06:17,714  INFO 26644 main com.firesoon.syn.factory.analyse.impl.OracleSqlAnalyser:84 - 开始处理表信息
2020-07-29 18:06:17,714  INFO 26644 main com.firesoon.syn.factory.analyse.impl.OracleSqlAnalyser:90 - 表信息处理完成
2020-07-29 18:06:17,714  INFO 26644 main com.firesoon.syn.factory.analyse.impl.OracleSqlAnalyser:93 - 开始读取列信息
2020-07-29 18:06:18,318  WARN 26644 main com.firesoon.syn.factory.analyse.impl.OracleSqlAnalyser:149 - 发现重复字段定义，表名：wu，列名：id
2020-07-29 18:06:18,319  WARN 26644 main com.firesoon.syn.factory.analyse.impl.OracleSqlAnalyser:149 - 发现重复字段定义，表名：job_info，列名：id
2020-07-29 18:06:18,319  WARN 26644 main com.firesoon.syn.factory.analyse.impl.OracleSqlAnalyser:149 - 发现重复字段定义，表名：job_info，列名：id
2020-07-29 18:06:18,319  WARN 26644 main com.firesoon.syn.factory.analyse.impl.OracleSqlAnalyser:149 - 发现重复字段定义，表名：job_info，列名：id
2020-07-29 18:06:18,319  WARN 26644 main com.firesoon.syn.factory.analyse.impl.OracleSqlAnalyser:149 - 发现重复字段定义，表名：dim_hosp_comm_org_d，列名：staffcode
2020-07-29 18:06:18,319  WARN 26644 main com.firesoon.syn.factory.analyse.impl.OracleSqlAnalyser:149 - 发现重复字段定义，表名：dim_hosp_comm_org，列名：staffcode
2020-07-29 18:06:18,319  WARN 26644 main com.firesoon.syn.factory.analyse.impl.OracleSqlAnalyser:149 - 发现重复字段定义，表名：common_range_1，列名：class
2020-07-29 18:06:18,319  WARN 26644 main com.firesoon.syn.factory.analyse.impl.OracleSqlAnalyser:149 - 发现重复字段定义，表名：job_info_1，列名：id
2020-07-29 18:06:18,320  WARN 26644 main com.firesoon.syn.factory.analyse.impl.OracleSqlAnalyser:149 - 发现重复字段定义，表名：job_info_1，列名：id
2020-07-29 18:06:18,320  WARN 26644 main com.firesoon.syn.factory.analyse.impl.OracleSqlAnalyser:149 - 发现重复字段定义，表名：task_copy，列名：id
2020-07-29 18:06:18,320  WARN 26644 main com.firesoon.syn.factory.analyse.impl.OracleSqlAnalyser:149 - 发现重复字段定义，表名：task，列名：id
2020-07-29 18:06:18,320  WARN 26644 main com.firesoon.syn.factory.analyse.impl.OracleSqlAnalyser:149 - 发现重复字段定义，表名：executetask，列名：id
2020-07-29 18:06:18,320  WARN 26644 main com.firesoon.syn.factory.analyse.impl.OracleSqlAnalyser:149 - 发现重复字段定义，表名：datasource，列名：id
2020-07-29 18:06:18,320  WARN 26644 main com.firesoon.syn.factory.analyse.impl.OracleSqlAnalyser:149 - 发现重复字段定义，表名：test，列名：id
2020-07-29 18:06:18,320  WARN 26644 main com.firesoon.syn.factory.analyse.impl.OracleSqlAnalyser:149 - 发现重复字段定义，表名：test，列名：name
2020-07-29 18:06:18,321  WARN 26644 main com.firesoon.syn.factory.analyse.impl.OracleSqlAnalyser:149 - 发现重复字段定义，表名：job_info，列名：job_group
2020-07-29 18:06:18,321  WARN 26644 main com.firesoon.syn.factory.analyse.impl.OracleSqlAnalyser:149 - 发现重复字段定义，表名：job_info，列名：job_group
2020-07-29 18:06:18,321  WARN 26644 main com.firesoon.syn.factory.analyse.impl.OracleSqlAnalyser:149 - 发现重复字段定义，表名：common_range_1，列名：code
2020-07-29 18:06:18,321  WARN 26644 main com.firesoon.syn.factory.analyse.impl.OracleSqlAnalyser:149 - 发现重复字段定义，表名：job_info_1，列名：job_group
2020-07-29 18:06:18,321  WARN 26644 main com.firesoon.syn.factory.analyse.impl.OracleSqlAnalyser:149 - 发现重复字段定义，表名：job_info，列名：job_cron
2020-07-29 18:06:18,321  WARN 26644 main com.firesoon.syn.factory.analyse.impl.OracleSqlAnalyser:149 - 发现重复字段定义，表名：job_info，列名：job_cron
2020-07-29 18:06:18,321  WARN 26644 main com.firesoon.syn.factory.analyse.impl.OracleSqlAnalyser:149 - 发现重复字段定义，表名：job_info_1，列名：job_cron
2020-07-29 18:06:18,322  WARN 26644 main com.firesoon.syn.factory.analyse.impl.OracleSqlAnalyser:149 - 发现重复字段定义，表名：job_info，列名：job_desc
2020-07-29 18:06:18,322  WARN 26644 main com.firesoon.syn.factory.analyse.impl.OracleSqlAnalyser:149 - 发现重复字段定义，表名：job_info，列名：job_desc
2020-07-29 18:06:18,322  WARN 26644 main com.firesoon.syn.factory.analyse.impl.OracleSqlAnalyser:149 - 发现重复字段定义，表名：job_info_1，列名：job_desc
2020-07-29 18:06:18,322  WARN 26644 main com.firesoon.syn.factory.analyse.impl.OracleSqlAnalyser:149 - 发现重复字段定义，表名：job_info，列名：executor_timeout
2020-07-29 18:06:18,322  WARN 26644 main com.firesoon.syn.factory.analyse.impl.OracleSqlAnalyser:149 - 发现重复字段定义，表名：job_info，列名：executor_timeout
2020-07-29 18:06:18,322  WARN 26644 main com.firesoon.syn.factory.analyse.impl.OracleSqlAnalyser:149 - 发现重复字段定义，表名：job_info_1，列名：executor_timeout
2020-07-29 18:06:18,323  WARN 26644 main com.firesoon.syn.factory.analyse.impl.OracleSqlAnalyser:149 - 发现重复字段定义，表名：job_info，列名：executor_fail_retry_count
2020-07-29 18:06:18,323  WARN 26644 main com.firesoon.syn.factory.analyse.impl.OracleSqlAnalyser:149 - 发现重复字段定义，表名：job_info，列名：executor_fail_retry_count
2020-07-29 18:06:18,323  WARN 26644 main com.firesoon.syn.factory.analyse.impl.OracleSqlAnalyser:149 - 发现重复字段定义，表名：job_info_1，列名：executor_fail_retry_count
2020-07-29 18:06:18,323  WARN 26644 main com.firesoon.syn.factory.analyse.impl.OracleSqlAnalyser:149 - 发现重复字段定义，表名：job_info，列名：glue_type
2020-07-29 18:06:18,323  WARN 26644 main com.firesoon.syn.factory.analyse.impl.OracleSqlAnalyser:149 - 发现重复字段定义，表名：job_info，列名：glue_type
2020-07-29 18:06:18,324  WARN 26644 main com.firesoon.syn.factory.analyse.impl.OracleSqlAnalyser:149 - 发现重复字段定义，表名：job_info_1，列名：glue_type
2020-07-29 18:06:18,324  WARN 26644 main com.firesoon.syn.factory.analyse.impl.OracleSqlAnalyser:149 - 发现重复字段定义，表名：job_info，列名：trigger_status
2020-07-29 18:06:18,324  WARN 26644 main com.firesoon.syn.factory.analyse.impl.OracleSqlAnalyser:149 - 发现重复字段定义，表名：job_info，列名：trigger_status
2020-07-29 18:06:18,324  WARN 26644 main com.firesoon.syn.factory.analyse.impl.OracleSqlAnalyser:149 - 发现重复字段定义，表名：job_info_1，列名：trigger_status
2020-07-29 18:06:18,324  WARN 26644 main com.firesoon.syn.factory.analyse.impl.OracleSqlAnalyser:149 - 发现重复字段定义，表名：job_info，列名：trigger_last_time
2020-07-29 18:06:18,325  WARN 26644 main com.firesoon.syn.factory.analyse.impl.OracleSqlAnalyser:149 - 发现重复字段定义，表名：job_info，列名：trigger_last_time
2020-07-29 18:06:18,325  WARN 26644 main com.firesoon.syn.factory.analyse.impl.OracleSqlAnalyser:149 - 发现重复字段定义，表名：job_info_1，列名：trigger_last_time
2020-07-29 18:06:18,325  WARN 26644 main com.firesoon.syn.factory.analyse.impl.OracleSqlAnalyser:149 - 发现重复字段定义，表名：job_info，列名：trigger_next_time
2020-07-29 18:06:18,325  WARN 26644 main com.firesoon.syn.factory.analyse.impl.OracleSqlAnalyser:149 - 发现重复字段定义，表名：job_info，列名：trigger_next_time
2020-07-29 18:06:18,326  WARN 26644 main com.firesoon.syn.factory.analyse.impl.OracleSqlAnalyser:149 - 发现重复字段定义，表名：job_info_1，列名：trigger_next_time
2020-07-29 18:06:18,326  INFO 26644 main com.firesoon.syn.factory.analyse.impl.OracleSqlAnalyser:96 - 获取到453条列信息
2020-07-29 18:06:18,326  INFO 26644 main com.firesoon.syn.factory.analyse.impl.OracleSqlAnalyser:98 - 开始归并列至所属表
2020-07-29 18:06:18,327  INFO 26644 main com.firesoon.syn.factory.analyse.impl.OracleSqlAnalyser:117 - 归并列至所属表完成
2020-07-29 18:06:18,327  INFO 26644 main com.firesoon.syn.factory.analyse.impl.OracleSqlAnalyser:119 - 开始获取主键信息
2020-07-29 18:06:18,430  INFO 26644 main com.firesoon.syn.factory.analyse.impl.OracleSqlAnalyser:121 - 主键信息获取完成
2020-07-29 18:06:18,431  INFO 26644 main com.firesoon.syn.factory.analyse.impl.OracleSqlAnalyser:123 - 开始归并主键信息
2020-07-29 18:06:18,431  INFO 26644 main com.firesoon.syn.factory.analyse.impl.OracleSqlAnalyser:125 - 主键信息归并完成
2020-07-29 18:06:18,431  INFO 26644 main com.firesoon.syn.factory.analyse.impl.OracleSqlAnalyser:127 - 数据库表结构定义读取完毕，共读取到43条表信息
2020-07-29 18:06:18,431  INFO 26644 main com.firesoon.syn.OracleSqlGenerate:36 - 源数据库指定表结构结构定义获取完毕
2020-07-29 18:06:18,432  INFO 26644 main com.firesoon.syn.OracleSqlGenerate:37 - 开始转换为目标数据库类型
2020-07-29 18:06:18,432  INFO 26644 main com.firesoon.syn.OracleSqlGenerate:42 - 开始转换为目标数据库类型
2020-07-29 18:06:18,506  INFO 26644 main com.firesoon.syn.OracleSqlGenerate:44 - 目标数据库指定表类型转换完成
